2022-07-09 16:06:45,021 INFO notifyConnectTimeout:200

2022-07-09 16:06:45,029 INFO notifySocketTimeout:8000

2022-07-09 16:06:45,030 INFO isHealthCheck:true

2022-07-09 16:06:45,030 INFO maxHealthCheckFailCount:12

2022-07-09 16:06:45,030 INFO maxContent:10485760

2022-07-09 16:07:11,463 INFO use local db service for init

2022-07-09 16:07:16,443 WARN Lexical error at line 4, column 66.  Encountered: <EOF> after : "".

2022-07-09 16:07:16,595 WARN Syntax error: Encountered "*" at line 1, column 1.

2022-07-09 16:07:16,670 WARN Table/View 'CONFIG_INFO' already exists in Schema 'NACOS'.

2022-07-09 16:07:16,875 WARN Table/View 'HIS_CONFIG_INFO' already exists in Schema 'NACOS'.

2022-07-09 16:07:16,900 WARN Table/View 'CONFIG_INFO_BETA' already exists in Schema 'NACOS'.

2022-07-09 16:07:16,914 WARN Table/View 'CONFIG_INFO_TAG' already exists in Schema 'NACOS'.

2022-07-09 16:07:16,927 WARN Table/View 'CONFIG_INFO_AGGR' already exists in Schema 'NACOS'.

2022-07-09 16:07:16,942 WARN Table/View 'APP_LIST' already exists in Schema 'NACOS'.

2022-07-09 16:07:16,953 WARN Table/View 'APP_CONFIGDATA_RELATION_SUBS' already exists in Schema 'NACOS'.

2022-07-09 16:07:16,965 WARN Table/View 'APP_CONFIGDATA_RELATION_PUBS' already exists in Schema 'NACOS'.

2022-07-09 16:07:16,977 WARN Table/View 'CONFIG_TAGS_RELATION' already exists in Schema 'NACOS'.

2022-07-09 16:07:16,996 WARN Table/View 'GROUP_CAPACITY' already exists in Schema 'NACOS'.

2022-07-09 16:07:17,009 WARN Table/View 'TENANT_CAPACITY' already exists in Schema 'NACOS'.

2022-07-09 16:07:17,021 WARN Table/View 'TENANT_INFO' already exists in Schema 'NACOS'.

2022-07-09 16:07:17,039 WARN Table/View 'USERS' already exists in Schema 'NACOS'.

2022-07-09 16:07:17,050 WARN Table/View 'ROLES' already exists in Schema 'NACOS'.

2022-07-09 16:07:17,061 WARN Table/View 'PERMISSIONS' already exists in Schema 'NACOS'.

2022-07-09 16:07:17,323 WARN The statement was aborted because it would have caused a duplicate key value in a unique or primary key constraint or unique index identified by 'SQL220619152139770' defined on 'USERS'.

2022-07-09 16:07:17,331 WARN The statement was aborted because it would have caused a duplicate key value in a unique or primary key constraint or unique index identified by 'UK_USERNAME_ROLE' defined on 'ROLES'.

2022-07-09 16:07:17,332 INFO use StandaloneDatabaseOperateImpl

2022-07-09 16:07:26,709 WARN DumpService start

2022-07-09 16:07:26,714 INFO start clear all config-info.

2022-07-09 16:07:26,716 WARN clear all config-info failed.

2022-07-09 16:07:26,717 WARN clear all config-info-tenant failed.

2022-07-09 16:07:26,808 INFO start clear all config-info-beta.

2022-07-09 16:07:26,808 WARN clear all config-info-beta failed.

2022-07-09 16:07:26,809 WARN clear all config-info-beta-tenant failed.

2022-07-09 16:07:26,828 INFO start clear all config-info-tag.

2022-07-09 16:07:26,828 WARN clear all config-info-tag failed.

2022-07-09 16:07:26,829 WARN clear all config-info-tag-tenant failed.

