2022-07-09 16:06:45,040 INFO Starting Nacos v1.4.0 on LAPTOP-P5DVF2MH with PID 57400 (C:\Users\Xiangtai\IdeaProjects\wxiang-srb\nacos\target\nacos-server.jar started by Xiangtai in C:\Users\Xiangtai\IdeaProjects\wxiang-srb\nacos\bin)

2022-07-09 16:06:45,043 INFO The following profiles are active: standalone

2022-07-09 16:07:07,076 INFO Bean 'org.springframework.security.access.expression.method.DefaultMethodSecurityExpressionHandler@5a9f4771' of type [org.springframework.security.access.expression.method.DefaultMethodSecurityExpressionHandler] is not eligible for getting processed by all BeanPostProcessors (for example: not eligible for auto-proxying)

2022-07-09 16:07:07,084 INFO Bean 'methodSecurityMetadataSource' of type [org.springframework.security.access.method.DelegatingMethodSecurityMetadataSource] is not eligible for getting processed by all BeanPostProcessors (for example: not eligible for auto-proxying)

2022-07-09 16:07:09,565 INFO Tomcat initialized with port(s): 8848 (http)

2022-07-09 16:07:09,614 INFO Starting service [Tomcat]

2022-07-09 16:07:09,614 INFO Starting Servlet engine: [Apache Tomcat/9.0.38]

2022-07-09 16:07:09,663 INFO Loaded Apache Tomcat Native library [1.2.31] using APR version [1.7.0].

2022-07-09 16:07:09,663 INFO APR capabilities: IPv6 [true], sendfile [true], accept filters [false], random [true].

2022-07-09 16:07:09,665 INFO APR/OpenSSL configuration: useAprConnector [false], useOpenSSL [true]

2022-07-09 16:07:09,687 INFO OpenSSL successfully initialized [OpenSSL 1.1.1l  24 Aug 2021]

2022-07-09 16:07:10,604 INFO At least one JAR was scanned for TLDs yet contained no TLDs. Enable debug logging for this logger for a complete list of JARs that were scanned but no TLDs were found in them. Skipping unneeded JARs during scanning can improve startup time and JSP compilation time.

2022-07-09 16:07:10,657 INFO Initializing Spring embedded WebApplicationContext

2022-07-09 16:07:10,657 INFO Root WebApplicationContext: initialization completed in 25352 ms

2022-07-09 16:07:14,284 WARN HikariPool-1 - idleTimeout has been set but has no effect because the pool is operating as a fixed size pool.

2022-07-09 16:07:14,285 INFO HikariPool-1 - Starting...

2022-07-09 16:07:14,303 WARN Registered driver with driverClassName=org.apache.derby.jdbc.EmbeddedDriver was not found, trying direct instantiation.

2022-07-09 16:07:16,040 INFO HikariPool-1 - Driver does not support get/set network timeout for connections. (Feature not implemented: No details.)

2022-07-09 16:07:16,068 INFO HikariPool-1 - Start completed.

2022-07-09 16:07:19,888 INFO Nacos-related cluster resource initialization

2022-07-09 16:07:19,908 INFO The cluster resource is initialized

2022-07-09 16:07:26,055 INFO Reflections took 106 ms to scan 1 urls, producing 6 keys and 26 values 

2022-07-09 16:07:26,113 INFO Reflections took 5 ms to scan 1 urls, producing 2 keys and 12 values 

2022-07-09 16:07:26,124 INFO Reflections took 4 ms to scan 1 urls, producing 3 keys and 15 values 

2022-07-09 16:07:28,281 INFO Initializing ExecutorService 'applicationTaskExecutor'

2022-07-09 16:07:28,485 INFO Adding welcome page: class path resource [static/index.html]

2022-07-09 16:07:30,082 INFO Creating filter chain: Ant [pattern='/**'], []

2022-07-09 16:07:30,191 INFO Creating filter chain: any request, [org.springframework.security.web.context.request.async.WebAsyncManagerIntegrationFilter@6ca320ab, org.springframework.security.web.context.SecurityContextPersistenceFilter@6058e535, org.springframework.security.web.header.HeaderWriterFilter@18e8473e, org.springframework.security.web.csrf.CsrfFilter@27dc79f7, org.springframework.security.web.authentication.logout.LogoutFilter@1bdaa23d, org.springframework.security.web.savedrequest.RequestCacheAwareFilter@1deb2c43, org.springframework.security.web.servletapi.SecurityContextHolderAwareRequestFilter@2b27cc70, org.springframework.security.web.authentication.AnonymousAuthenticationFilter@50d68830, org.springframework.security.web.session.SessionManagementFilter@1a38ba58, org.springframework.security.web.access.ExceptionTranslationFilter@3aaf4f07]

2022-07-09 16:07:30,632 INFO Initializing ExecutorService 'taskScheduler'

2022-07-09 16:07:30,656 INFO Exposing 2 endpoint(s) beneath base path '/actuator'

2022-07-09 16:07:30,926 INFO Tomcat started on port(s): 8848 (http) with context path '/nacos'

2022-07-09 16:07:30,931 INFO Started Nacos in 50.428 seconds (JVM running for 52.09)

2022-07-09 16:07:30,931 INFO Nacos Log files: C:\Users\Xiangtai\IdeaProjects\wxiang-srb\nacos\logs

2022-07-09 16:07:30,932 INFO Nacos Log files: C:\Users\Xiangtai\IdeaProjects\wxiang-srb\nacos\conf

2022-07-09 16:07:30,933 INFO Nacos Log files: C:\Users\Xiangtai\IdeaProjects\wxiang-srb\nacos\data

2022-07-09 16:07:30,935 INFO Nacos started successfully in stand alone mode. use embedded storage

2022-07-09 16:07:31,029 INFO Initializing Spring DispatcherServlet 'dispatcherServlet'

2022-07-09 16:07:31,031 INFO Initializing Servlet 'dispatcherServlet'

2022-07-09 16:07:31,049 INFO Completed initialization in 18 ms

2022-07-09 16:17:26,547 INFO [capacityManagement] start correct usage

2022-07-09 16:17:26,576 INFO [capacityManagement] end correct usage, cost: 0s

2022-07-09 16:17:26,878 WARN clearConfigHistory start

2022-07-09 16:27:26,578 INFO [capacityManagement] start correct usage

2022-07-09 16:27:26,579 INFO [capacityManagement] end correct usage, cost: 0s

2022-07-09 16:27:26,897 WARN clearConfigHistory start

2022-07-09 16:37:26,588 INFO [capacityManagement] start correct usage

2022-07-09 16:37:26,590 INFO [capacityManagement] end correct usage, cost: 0s

2022-07-09 16:37:26,900 WARN clearConfigHistory start

2022-07-09 16:47:26,598 INFO [capacityManagement] start correct usage

2022-07-09 16:47:26,599 INFO [capacityManagement] end correct usage, cost: 0s

2022-07-09 16:47:26,901 WARN clearConfigHistory start

2022-07-09 16:57:26,603 INFO [capacityManagement] start correct usage

2022-07-09 16:57:26,604 INFO [capacityManagement] end correct usage, cost: 0s

2022-07-09 16:57:26,916 WARN clearConfigHistory start

2022-07-09 17:07:26,605 INFO [capacityManagement] start correct usage

2022-07-09 17:07:26,607 INFO [capacityManagement] end correct usage, cost: 0s

2022-07-09 17:07:26,918 WARN clearConfigHistory start

2022-07-09 17:17:26,622 INFO [capacityManagement] start correct usage

2022-07-09 17:17:26,623 INFO [capacityManagement] end correct usage, cost: 0s

2022-07-09 17:17:26,920 WARN clearConfigHistory start

2022-07-09 17:27:26,625 INFO [capacityManagement] start correct usage

2022-07-09 17:27:26,626 INFO [capacityManagement] end correct usage, cost: 0s

2022-07-09 17:27:26,921 WARN clearConfigHistory start

2022-07-09 17:37:26,627 INFO [capacityManagement] start correct usage

2022-07-09 17:37:26,628 INFO [capacityManagement] end correct usage, cost: 0s

2022-07-09 17:37:26,922 WARN clearConfigHistory start

2022-07-09 17:47:26,629 INFO [capacityManagement] start correct usage

2022-07-09 17:47:26,630 INFO [capacityManagement] end correct usage, cost: 0s

2022-07-09 17:47:26,934 WARN clearConfigHistory start

2022-07-09 17:57:26,639 INFO [capacityManagement] start correct usage

2022-07-09 17:57:26,640 INFO [capacityManagement] end correct usage, cost: 0s

2022-07-09 17:57:26,937 WARN clearConfigHistory start

2022-07-09 18:07:26,641 INFO [capacityManagement] start correct usage

2022-07-09 18:07:26,642 INFO [capacityManagement] end correct usage, cost: 0s

2022-07-09 18:07:26,938 WARN clearConfigHistory start

2022-07-09 18:17:26,644 INFO [capacityManagement] start correct usage

2022-07-09 18:17:26,645 INFO [capacityManagement] end correct usage, cost: 0s

2022-07-09 18:17:26,940 WARN clearConfigHistory start

2022-07-09 18:27:26,648 INFO [capacityManagement] start correct usage

2022-07-09 18:27:26,649 INFO [capacityManagement] end correct usage, cost: 0s

2022-07-09 18:27:26,943 WARN clearConfigHistory start

2022-07-09 18:37:26,650 INFO [capacityManagement] start correct usage

2022-07-09 18:37:26,651 INFO [capacityManagement] end correct usage, cost: 0s

2022-07-09 18:37:26,944 WARN clearConfigHistory start

2022-07-09 18:47:26,653 INFO [capacityManagement] start correct usage

2022-07-09 18:47:26,655 INFO [capacityManagement] end correct usage, cost: 0s

2022-07-09 18:47:26,946 WARN clearConfigHistory start

2022-07-09 18:57:26,656 INFO [capacityManagement] start correct usage

2022-07-09 18:57:26,657 INFO [capacityManagement] end correct usage, cost: 0s

2022-07-09 18:57:26,950 WARN clearConfigHistory start

2022-07-09 19:07:26,659 INFO [capacityManagement] start correct usage

2022-07-09 19:07:26,660 INFO [capacityManagement] end correct usage, cost: 0s

2022-07-09 19:07:26,951 WARN clearConfigHistory start

2022-07-09 19:17:26,662 INFO [capacityManagement] start correct usage

2022-07-09 19:17:26,663 INFO [capacityManagement] end correct usage, cost: 0s

2022-07-09 19:17:26,952 WARN clearConfigHistory start

2022-07-09 19:27:26,665 INFO [capacityManagement] start correct usage

2022-07-09 19:27:26,666 INFO [capacityManagement] end correct usage, cost: 0s

2022-07-09 19:27:26,953 WARN clearConfigHistory start

2022-07-09 19:37:26,668 INFO [capacityManagement] start correct usage

2022-07-09 19:37:26,669 INFO [capacityManagement] end correct usage, cost: 0s

2022-07-09 19:37:26,954 WARN clearConfigHistory start

2022-07-09 19:47:26,670 INFO [capacityManagement] start correct usage

2022-07-09 19:47:26,671 INFO [capacityManagement] end correct usage, cost: 0s

2022-07-09 19:47:26,956 WARN clearConfigHistory start

2022-07-09 19:57:26,672 INFO [capacityManagement] start correct usage

2022-07-09 19:57:26,673 INFO [capacityManagement] end correct usage, cost: 0s

2022-07-09 19:57:26,958 WARN clearConfigHistory start

2022-07-09 20:07:26,689 INFO [capacityManagement] start correct usage

2022-07-09 20:07:26,690 INFO [capacityManagement] end correct usage, cost: 0s

2022-07-09 20:07:26,959 WARN clearConfigHistory start

2022-07-09 20:17:26,692 INFO [capacityManagement] start correct usage

2022-07-09 20:17:26,693 INFO [capacityManagement] end correct usage, cost: 0s

2022-07-09 20:17:26,960 WARN clearConfigHistory start

2022-07-09 20:27:26,695 INFO [capacityManagement] start correct usage

2022-07-09 20:27:26,695 INFO [capacityManagement] end correct usage, cost: 0s

2022-07-09 20:27:26,963 WARN clearConfigHistory start

2022-07-09 20:37:26,696 INFO [capacityManagement] start correct usage

2022-07-09 20:37:26,697 INFO [capacityManagement] end correct usage, cost: 0s

2022-07-09 20:37:26,965 WARN clearConfigHistory start

2022-07-09 20:47:26,698 INFO [capacityManagement] start correct usage

2022-07-09 20:47:26,699 INFO [capacityManagement] end correct usage, cost: 0s

2022-07-09 20:47:26,965 WARN clearConfigHistory start

2022-07-09 20:57:26,701 INFO [capacityManagement] start correct usage

2022-07-09 20:57:26,701 INFO [capacityManagement] end correct usage, cost: 0s

2022-07-09 20:57:26,968 WARN clearConfigHistory start

2022-07-09 21:07:26,704 INFO [capacityManagement] start correct usage

2022-07-09 21:07:26,704 INFO [capacityManagement] end correct usage, cost: 0s

2022-07-09 21:07:26,970 WARN clearConfigHistory start

2022-07-09 21:17:26,705 INFO [capacityManagement] start correct usage

2022-07-09 21:17:26,707 INFO [capacityManagement] end correct usage, cost: 0s

2022-07-09 21:17:26,971 WARN clearConfigHistory start

2022-07-09 21:27:26,709 INFO [capacityManagement] start correct usage

2022-07-09 21:27:26,710 INFO [capacityManagement] end correct usage, cost: 0s

2022-07-09 21:27:26,973 WARN clearConfigHistory start

2022-07-09 21:37:26,711 INFO [capacityManagement] start correct usage

2022-07-09 21:37:26,713 INFO [capacityManagement] end correct usage, cost: 0s

2022-07-09 21:37:26,975 WARN clearConfigHistory start

2022-07-09 21:47:26,715 INFO [capacityManagement] start correct usage

2022-07-09 21:47:26,716 INFO [capacityManagement] end correct usage, cost: 0s

2022-07-09 21:47:26,983 WARN clearConfigHistory start

2022-07-09 21:57:26,717 INFO [capacityManagement] start correct usage

2022-07-09 21:57:26,718 INFO [capacityManagement] end correct usage, cost: 0s

2022-07-09 21:57:26,986 WARN clearConfigHistory start

2022-07-09 22:07:26,720 INFO [capacityManagement] start correct usage

2022-07-09 22:07:26,721 INFO [capacityManagement] end correct usage, cost: 0s

2022-07-09 22:07:26,987 WARN clearConfigHistory start

2022-07-09 22:17:26,722 INFO [capacityManagement] start correct usage

2022-07-09 22:17:26,722 INFO [capacityManagement] end correct usage, cost: 0s

2022-07-09 22:17:26,989 WARN clearConfigHistory start

2022-07-09 22:27:26,724 INFO [capacityManagement] start correct usage

2022-07-09 22:27:26,725 INFO [capacityManagement] end correct usage, cost: 0s

2022-07-09 22:27:26,991 WARN clearConfigHistory start

2022-07-09 22:37:26,726 INFO [capacityManagement] start correct usage

2022-07-09 22:37:26,726 INFO [capacityManagement] end correct usage, cost: 0s

2022-07-09 22:37:26,993 WARN clearConfigHistory start

2022-07-09 22:47:26,741 INFO [capacityManagement] start correct usage

2022-07-09 22:47:26,742 INFO [capacityManagement] end correct usage, cost: 0s

2022-07-09 22:47:26,994 WARN clearConfigHistory start

2022-07-09 22:57:26,743 INFO [capacityManagement] start correct usage

2022-07-09 22:57:26,743 INFO [capacityManagement] end correct usage, cost: 0s

2022-07-09 22:57:26,995 WARN clearConfigHistory start

2022-07-09 23:07:26,744 INFO [capacityManagement] start correct usage

2022-07-09 23:07:26,744 INFO [capacityManagement] end correct usage, cost: 0s

2022-07-09 23:07:26,996 WARN clearConfigHistory start

