2022-07-09 16:07:19,994 INFO raft peers changed: [Member{ip='192.168.74.1', port=8848, state=UP, extendInfo={adWeight=0, raftPort=7848, site=unknow, weight=1}}]

2022-07-09 16:07:20,071 INFO initializing Raft sub-system

2022-07-09 16:07:20,073 INFO finish loading all datums, size: 0 cost 2 ms.

2022-07-09 16:07:20,087 INFO cache loaded, datum count: 0, current term: 0

2022-07-09 16:07:20,087 INFO finish to load data from disk, cost: 16 ms.

2022-07-09 16:07:20,093 INFO timer started: leader timeout ms: 15000, heart-beat timeout ms: 5000

2022-07-09 16:07:23,158 INFO leader timeout, start voting,leader: {"ip":"192.168.74.1:8848","term":0,"leaderDueMs":19780,"heartbeatDueMs":5000,"state":"FOLLOWER"}, term: 0

2022-07-09 16:07:25,281 INFO snapshot load from : C:\Users\Xiangtai\IdeaProjects\wxiang-srb\nacos\data\protocol\raft\naming_persistent_service\snapshot\snapshot_21\naming_persistent

2022-07-09 16:07:25,293 INFO raft peers changed: [Member{ip='192.168.74.1', port=8848, state=UP, extendInfo={adWeight=0, lastRefreshTime=1657354045291, raftMetaData=com.alibaba.nacos.consistency.ProtocolMetaData@5ec540ab, raftPort=7848, site=unknow, version=1.4.0, weight=1}}]

2022-07-09 16:07:26,442 INFO add listener: com.alibaba.nacos.naming.domains.meta.00-00---000-NACOS_SWITCH_DOMAIN-000---00-00

2022-07-09 16:07:26,465 INFO add listener: com.alibaba.nacos.naming.domains.meta.

2022-07-09 16:07:29,976 WARN start to close old raft protocol!!!

2022-07-09 16:07:29,976 WARN stop old raft protocol task for notifier

2022-07-09 16:07:29,976 WARN stop old raft protocol task for master task

2022-07-09 16:07:29,976 WARN stop old raft protocol task for heartbeat task

2022-07-09 16:07:29,976 WARN clean old cache datum for old raft

2022-07-09 16:07:29,976 WARN start to close old raft protocol!!!

2022-07-09 16:07:29,976 WARN stop old raft protocol task for notifier

2022-07-09 16:07:29,976 WARN stop old raft protocol task for master task

2022-07-09 16:07:29,976 WARN stop old raft protocol task for heartbeat task

2022-07-09 16:07:29,976 WARN clean old cache datum for old raft

2022-07-09 16:07:29,976 WARN start to move old raft protocol metadata

2022-07-09 16:07:32,572 INFO add listener: com.alibaba.nacos.naming.iplist.public##DEFAULT_GROUP@@service-gateway

2022-07-09 21:05:58,554 INFO add listener: com.alibaba.nacos.naming.iplist.public##DEFAULT_GROUP@@service-core

