2022-07-09 16:07:56,899 INFO PERFORMANCE:|1|1|-1|-1

2022-07-09 16:12:56,904 INFO PERFORMANCE:|1|1|-1|-1

2022-07-09 16:17:56,906 INFO PERFORMANCE:|1|1|-1|-1

2022-07-09 16:22:56,907 INFO PERFORMANCE:|1|1|-1|-1

2022-07-09 16:27:56,909 INFO PERFORMANCE:|1|1|-1|-1

2022-07-09 16:32:56,911 INFO PERFORMANCE:|1|1|-1|-1

2022-07-09 16:37:56,913 INFO PERFORMANCE:|1|1|-1|-1

2022-07-09 16:42:56,914 INFO PERFORMANCE:|1|1|-1|-1

2022-07-09 16:47:56,915 INFO PERFORMANCE:|1|1|-1|-1

2022-07-09 16:52:56,917 INFO PERFORMANCE:|1|1|-1|-1

2022-07-09 16:57:56,918 INFO PERFORMANCE:|1|1|-1|-1

2022-07-09 17:02:56,921 INFO PERFORMANCE:|1|1|-1|-1

2022-07-09 17:07:56,922 INFO PERFORMANCE:|1|1|-1|-1

2022-07-09 17:12:56,924 INFO PERFORMANCE:|1|1|-1|-1

2022-07-09 17:17:56,930 INFO PERFORMANCE:|1|1|-1|-1

2022-07-09 17:22:56,933 INFO PERFORMANCE:|1|1|-1|-1

2022-07-09 17:27:56,935 INFO PERFORMANCE:|1|1|-1|-1

2022-07-09 17:32:56,935 INFO PERFORMANCE:|1|1|-1|-1

2022-07-09 17:37:56,938 INFO PERFORMANCE:|1|1|-1|-1

2022-07-09 17:42:56,938 INFO PERFORMANCE:|1|1|-1|-1

2022-07-09 17:47:56,940 INFO PERFORMANCE:|1|1|-1|-1

2022-07-09 17:52:56,955 INFO PERFORMANCE:|1|1|-1|-1

2022-07-09 17:57:56,956 INFO PERFORMANCE:|1|1|-1|-1

2022-07-09 18:02:56,957 INFO PERFORMANCE:|1|1|-1|-1

2022-07-09 18:07:56,959 INFO PERFORMANCE:|1|1|-1|-1

2022-07-09 18:12:56,966 INFO PERFORMANCE:|1|1|-1|-1

2022-07-09 18:17:56,978 INFO PERFORMANCE:|1|1|-1|-1

2022-07-09 18:22:56,979 INFO PERFORMANCE:|1|1|-1|-1

2022-07-09 18:27:56,984 INFO PERFORMANCE:|1|1|-1|-1

2022-07-09 18:32:56,987 INFO PERFORMANCE:|1|1|-1|-1

2022-07-09 18:37:56,997 INFO PERFORMANCE:|1|1|-1|-1

2022-07-09 18:42:57,014 INFO PERFORMANCE:|1|1|-1|-1

2022-07-09 18:47:57,026 INFO PERFORMANCE:|1|1|-1|-1

2022-07-09 18:52:57,028 INFO PERFORMANCE:|1|1|-1|-1

2022-07-09 18:57:57,030 INFO PERFORMANCE:|1|1|-1|-1

2022-07-09 19:02:57,031 INFO PERFORMANCE:|1|1|-1|-1

2022-07-09 19:07:57,033 INFO PERFORMANCE:|1|1|-1|-1

2022-07-09 19:12:57,039 INFO PERFORMANCE:|1|1|-1|-1

2022-07-09 19:17:57,041 INFO PERFORMANCE:|1|1|-1|-1

2022-07-09 19:22:57,044 INFO PERFORMANCE:|1|1|-1|-1

2022-07-09 19:27:57,045 INFO PERFORMANCE:|1|1|-1|-1

2022-07-09 19:32:57,046 INFO PERFORMANCE:|1|1|-1|-1

2022-07-09 19:37:57,047 INFO PERFORMANCE:|1|1|-1|-1

2022-07-09 19:42:57,048 INFO PERFORMANCE:|1|1|-1|-1

2022-07-09 19:47:57,051 INFO PERFORMANCE:|1|1|-1|-1

2022-07-09 19:52:57,052 INFO PERFORMANCE:|1|1|-1|-1

2022-07-09 19:57:57,053 INFO PERFORMANCE:|1|1|-1|-1

2022-07-09 20:02:57,054 INFO PERFORMANCE:|1|1|-1|-1

2022-07-09 20:07:57,068 INFO PERFORMANCE:|1|1|-1|-1

2022-07-09 20:12:57,069 INFO PERFORMANCE:|1|1|-1|-1

2022-07-09 20:17:57,079 INFO PERFORMANCE:|1|1|-1|-1

2022-07-09 20:22:57,080 INFO PERFORMANCE:|1|1|-1|-1

2022-07-09 20:27:57,093 INFO PERFORMANCE:|1|1|-1|-1

2022-07-09 20:32:57,094 INFO PERFORMANCE:|1|1|-1|-1

2022-07-09 20:37:57,096 INFO PERFORMANCE:|1|1|-1|-1

2022-07-09 20:42:57,096 INFO PERFORMANCE:|1|1|-1|-1

2022-07-09 20:47:57,111 INFO PERFORMANCE:|1|1|-1|-1

2022-07-09 20:52:57,117 INFO PERFORMANCE:|1|1|-1|-1

2022-07-09 20:57:57,118 INFO PERFORMANCE:|1|1|-1|-1

2022-07-09 21:02:57,131 INFO PERFORMANCE:|1|1|-1|-1

2022-07-09 21:07:57,134 INFO PERFORMANCE:|2|2|-1|-1

2022-07-09 21:12:57,135 INFO PERFORMANCE:|2|2|-1|-1

2022-07-09 21:17:57,137 INFO PERFORMANCE:|2|2|-1|-1

2022-07-09 21:22:57,151 INFO PERFORMANCE:|2|2|-1|-1

2022-07-09 21:27:57,154 INFO PERFORMANCE:|2|2|-1|-1

2022-07-09 21:32:57,155 INFO PERFORMANCE:|2|2|-1|-1

2022-07-09 21:37:57,156 INFO PERFORMANCE:|2|2|-1|-1

2022-07-09 21:42:57,157 INFO PERFORMANCE:|2|2|-1|-1

2022-07-09 21:47:57,165 INFO PERFORMANCE:|2|2|-1|-1

2022-07-09 21:52:57,167 INFO PERFORMANCE:|2|2|-1|-1

2022-07-09 21:57:57,170 INFO PERFORMANCE:|2|2|-1|-1

2022-07-09 22:02:57,172 INFO PERFORMANCE:|2|2|-1|-1

2022-07-09 22:07:57,176 INFO PERFORMANCE:|2|2|-1|-1

2022-07-09 22:12:57,177 INFO PERFORMANCE:|2|2|-1|-1

2022-07-09 22:17:57,180 INFO PERFORMANCE:|2|2|-1|-1

2022-07-09 22:22:57,182 INFO PERFORMANCE:|2|2|-1|-1

2022-07-09 22:27:57,183 INFO PERFORMANCE:|2|2|-1|-1

2022-07-09 22:32:57,185 INFO PERFORMANCE:|2|2|-1|-1

2022-07-09 22:37:57,187 INFO PERFORMANCE:|2|2|-1|-1

2022-07-09 22:42:57,197 INFO PERFORMANCE:|2|2|-1|-1

2022-07-09 22:47:57,198 INFO PERFORMANCE:|2|2|-1|-1

2022-07-09 22:52:57,208 INFO PERFORMANCE:|2|2|-1|-1

2022-07-09 22:57:57,209 INFO PERFORMANCE:|2|2|-1|-1

2022-07-09 23:02:57,210 INFO PERFORMANCE:|2|2|-1|-1

2022-07-09 23:07:57,217 INFO PERFORMANCE:|2|2|-1|-1

