2021/12/25 16:03:49 [error] 49716#44396: *1 CreateFile() "D:\environment\nginx-1.20.2/html/favicon.ico" failed (2: The system cannot find the file specified), client: 127.0.0.1, server: localhost, request: "GET /favicon.ico HTTP/1.1", host: "localhost"
2022/04/25 16:52:53 [error] 37064#25012: *1 CreateFile() "C:\Users\Xiangtai\IdeaProjects\wxiang-srb\nginx-1.20.2/html/favicon.ico" failed (2: The system cannot find the file specified), client: 127.0.0.1, server: localhost, request: "GET /favicon.ico HTTP/1.1", host: "localhost"
2022/04/25 21:19:45 [error] 37064#25012: *7 CreateFile() "C:\Users\Xiangtai\IdeaProjects\wxiang-srb\nginx-1.20.2/html/favicon.ico" failed (2: The system cannot find the file specified), client: 127.0.0.1, server: localhost, request: "GET /favicon.ico HTTP/1.1", host: "localhost"
2022/04/27 13:15:58 [notice] 44092#19084: signal process started
2022/04/27 13:16:08 [notice] 40240#35844: signal process started
2022/04/27 13:29:35 [emerg] 43112#40040: duplicate location "/" in C:\Users\Xiangtai\IdeaProjects\wxiang-srb\nginx-1.20.2/conf/nginx.conf:75
2022/04/27 13:29:42 [emerg] 30996#45112: duplicate location "/" in C:\Users\Xiangtai\IdeaProjects\wxiang-srb\nginx-1.20.2/conf/nginx.conf:75
2022/04/27 13:30:28 [notice] 30028#45932: signal process started
2022/04/27 13:32:06 [notice] 40092#45652: signal process started
2022/04/27 13:32:08 [notice] 45304#41840: signal process started
2022/04/27 13:32:33 [notice] 43588#44216: signal process started
2022/04/27 14:40:05 [notice] 45936#45920: using the "select" event method
2022/04/27 14:40:05 [notice] 45936#45920: nginx/1.20.2
2022/04/27 14:40:05 [info] 45936#45920: OS: 260200 build:9200, "", suite:300, type:1
2022/04/27 14:40:05 [notice] 45936#45920: start worker processes
2022/04/27 14:40:05 [notice] 45936#45920: start worker process 44100
2022/04/27 14:40:05 [notice] 44100#45816: nginx/1.20.2
2022/04/27 14:40:05 [info] 44100#45816: OS: 260200 build:9200, "", suite:300, type:1
2022/04/27 14:40:05 [notice] 44100#45816: create thread 37228
2022/04/27 14:40:05 [notice] 44100#45816: create thread 16700
2022/04/27 14:40:05 [notice] 44100#45816: create thread 32572
2022/04/27 15:50:10 [error] 41456#44864: *18 CreateFile() "C:\Users\Xiangtai\IdeaProjects\wxiang-srb\nginx-1.20.2/html/favicon.ico" failed (2: The system cannot find the file specified), client: 127.0.0.1, server: localhost, request: "GET /favicon.ico HTTP/1.1", host: "localhost"
2022/04/30 14:40:51 [notice] 52948#58180: using the "select" event method
2022/04/30 14:40:51 [notice] 52948#58180: nginx/1.20.2
2022/04/30 14:40:51 [info] 52948#58180: OS: 260200 build:9200, "", suite:300, type:1
2022/04/30 14:40:51 [notice] 52948#58180: start worker processes
2022/04/30 14:40:51 [notice] 52948#58180: start worker process 55860
2022/04/30 14:40:52 [notice] 55860#8668: nginx/1.20.2
2022/04/30 14:40:52 [info] 55860#8668: OS: 260200 build:9200, "", suite:300, type:1
2022/04/30 14:40:52 [notice] 55860#8668: create thread 47560
2022/04/30 14:40:52 [notice] 55860#8668: create thread 52668
2022/04/30 14:40:52 [notice] 55860#8668: create thread 58056
2022/04/30 14:50:56 [info] 55860#47560: *2 client timed out (10060: A connection attempt failed because the connected party did not properly respond after a period of time, or established connection failed because connected host has failed to respond) while waiting for request, client: 127.0.0.1, server: 0.0.0.0:80
2022/04/30 14:52:51 [info] 55860#47560: *4 client timed out (10060: A connection attempt failed because the connected party did not properly respond after a period of time, or established connection failed because connected host has failed to respond) while waiting for request, client: 127.0.0.1, server: 0.0.0.0:80
2022/04/30 14:55:43 [emerg] 49280#54876: CreateFile() "C:/conf/nginx.conf" failed (3: The system cannot find the path specified)
2022/04/30 14:56:26 [notice] 50132#51264: using the "select" event method
2022/04/30 14:56:26 [notice] 50132#51264: nginx/1.20.2
2022/04/30 14:56:26 [info] 50132#51264: OS: 260200 build:9200, "", suite:300, type:1
2022/04/30 14:56:26 [notice] 50132#51264: start worker processes
2022/04/30 14:56:26 [notice] 50132#51264: start worker process 53232
2022/04/30 14:56:27 [notice] 53232#58060: nginx/1.20.2
2022/04/30 14:56:27 [info] 53232#58060: OS: 260200 build:9200, "", suite:300, type:1
2022/04/30 14:56:27 [notice] 53232#58060: create thread 58228
2022/04/30 14:56:27 [notice] 53232#58060: create thread 58304
2022/04/30 14:56:27 [notice] 53232#58060: create thread 50728
2022/04/30 14:57:38 [info] 55860#47560: *6 client timed out (10060: A connection attempt failed because the connected party did not properly respond after a period of time, or established connection failed because connected host has failed to respond) while waiting for request, client: 127.0.0.1, server: 0.0.0.0:80
2022/04/30 14:59:22 [notice] 57496#56160: using the "select" event method
2022/04/30 14:59:22 [notice] 57496#56160: nginx/1.20.2
2022/04/30 14:59:22 [info] 57496#56160: OS: 260200 build:9200, "", suite:300, type:1
2022/04/30 14:59:22 [notice] 57496#56160: start worker processes
2022/04/30 14:59:22 [notice] 57496#56160: start worker process 59596
2022/04/30 14:59:22 [notice] 59596#59592: nginx/1.20.2
2022/04/30 14:59:22 [info] 59596#59592: OS: 260200 build:9200, "", suite:300, type:1
2022/04/30 14:59:22 [notice] 59596#59592: create thread 36824
2022/04/30 14:59:22 [notice] 59596#59592: create thread 59980
2022/04/30 14:59:22 [notice] 59596#59592: create thread 59716
2022/04/30 15:00:27 [info] 55860#47560: *8 client timed out (10060: A connection attempt failed because the connected party did not properly respond after a period of time, or established connection failed because connected host has failed to respond) while waiting for request, client: 127.0.0.1, server: 0.0.0.0:80
2022/04/30 15:01:38 [notice] 57940#49100: using the "select" event method
2022/04/30 15:01:38 [notice] 57940#49100: nginx/1.20.2
2022/04/30 15:01:38 [info] 57940#49100: OS: 260200 build:9200, "", suite:300, type:1
2022/04/30 15:01:38 [notice] 57940#49100: start worker processes
2022/04/30 15:01:38 [notice] 57940#49100: start worker process 60404
2022/04/30 15:01:39 [notice] 60404#60316: nginx/1.20.2
2022/04/30 15:01:39 [info] 60404#60316: OS: 260200 build:9200, "", suite:300, type:1
2022/04/30 15:01:39 [notice] 60404#60316: create thread 60372
2022/04/30 15:01:39 [notice] 60404#60316: create thread 59896
2022/04/30 15:01:39 [notice] 60404#60316: create thread 59900
2022/04/30 15:02:02 [notice] 54016#58704: using the "select" event method
2022/04/30 15:02:02 [notice] 54016#58704: nginx/1.20.2
2022/04/30 15:02:02 [info] 54016#58704: OS: 260200 build:9200, "", suite:300, type:1
2022/04/30 15:02:02 [notice] 54016#58704: start worker processes
2022/04/30 15:02:02 [notice] 54016#58704: start worker process 59136
2022/04/30 15:02:02 [notice] 59136#36904: nginx/1.20.2
2022/04/30 15:02:02 [info] 59136#36904: OS: 260200 build:9200, "", suite:300, type:1
2022/04/30 15:02:02 [notice] 59136#36904: create thread 38940
2022/04/30 15:02:02 [notice] 59136#36904: create thread 59860
2022/04/30 15:02:02 [notice] 59136#36904: create thread 60044
2022/04/30 15:02:19 [notice] 59868#59768: using the "select" event method
2022/04/30 15:02:19 [notice] 59868#59768: nginx/1.20.2
2022/04/30 15:02:19 [info] 59868#59768: OS: 260200 build:9200, "", suite:300, type:1
2022/04/30 15:02:19 [notice] 59868#59768: start worker processes
2022/04/30 15:02:19 [notice] 59868#59768: start worker process 56756
2022/04/30 15:02:19 [notice] 56756#57316: nginx/1.20.2
2022/04/30 15:02:19 [info] 56756#57316: OS: 260200 build:9200, "", suite:300, type:1
2022/04/30 15:02:19 [notice] 56756#57316: create thread 60380
2022/04/30 15:02:19 [notice] 56756#57316: create thread 59608
2022/04/30 15:02:19 [notice] 56756#57316: create thread 59064
2022/04/30 15:02:46 [info] 55860#47560: *10 client timed out (10060: A connection attempt failed because the connected party did not properly respond after a period of time, or established connection failed because connected host has failed to respond) while waiting for request, client: 127.0.0.1, server: 0.0.0.0:80
2022/04/30 15:03:16 [notice] 59868#59768: worker process 56756 exited with code 1
2022/04/30 15:03:16 [notice] 59868#59768: start worker process 58592
2022/04/30 15:03:16 [notice] 58592#60308: nginx/1.20.2
2022/04/30 15:03:16 [info] 58592#60308: OS: 260200 build:9200, "", suite:300, type:1
2022/04/30 15:03:16 [notice] 58592#60308: create thread 59544
2022/04/30 15:03:16 [notice] 58592#60308: create thread 59440
2022/04/30 15:03:16 [notice] 58592#60308: create thread 59232
2022/04/30 15:03:18 [notice] 54016#58704: worker process 59136 exited with code 1
2022/04/30 15:03:18 [notice] 54016#58704: start worker process 57380
2022/04/30 15:03:18 [notice] 57380#59712: nginx/1.20.2
2022/04/30 15:03:18 [info] 57380#59712: OS: 260200 build:9200, "", suite:300, type:1
2022/04/30 15:03:18 [notice] 57380#59712: create thread 59660
2022/04/30 15:03:18 [notice] 57380#59712: create thread 59832
2022/04/30 15:03:18 [notice] 57380#59712: create thread 60016
2022/04/30 15:03:20 [notice] 54016#58704: worker process 57380 exited with code 1
2022/04/30 15:03:20 [notice] 54016#58704: start worker process 51876
2022/04/30 15:03:20 [notice] 51876#60148: nginx/1.20.2
2022/04/30 15:03:20 [info] 51876#60148: OS: 260200 build:9200, "", suite:300, type:1
2022/04/30 15:03:20 [notice] 51876#60148: create thread 60000
2022/04/30 15:03:20 [notice] 51876#60148: create thread 59348
2022/04/30 15:03:20 [notice] 51876#60148: create thread 57772
2022/04/30 15:03:22 [notice] 54016#58704: worker process 51876 exited with code 1
2022/04/30 15:03:22 [notice] 54016#58704: start worker process 60020
2022/04/30 15:03:22 [notice] 60020#58096: nginx/1.20.2
2022/04/30 15:03:22 [info] 60020#58096: OS: 260200 build:9200, "", suite:300, type:1
2022/04/30 15:03:22 [notice] 60020#58096: create thread 59936
2022/04/30 15:03:22 [notice] 60020#58096: create thread 60048
2022/04/30 15:03:22 [notice] 60020#58096: create thread 53604
2022/04/30 15:03:26 [notice] 59868#59768: worker process 58592 exited with code 1
2022/04/30 15:03:26 [notice] 59868#59768: start worker process 59728
2022/04/30 15:03:26 [notice] 59728#35048: nginx/1.20.2
2022/04/30 15:03:26 [info] 59728#35048: OS: 260200 build:9200, "", suite:300, type:1
2022/04/30 15:03:26 [notice] 59728#35048: create thread 49432
2022/04/30 15:03:26 [notice] 59728#35048: create thread 60060
2022/04/30 15:03:26 [notice] 59728#35048: create thread 59400
2022/04/30 15:03:30 [notice] 59868#59768: worker process 59728 exited with code 1
2022/04/30 15:03:30 [notice] 59868#59768: start worker process 53460
2022/04/30 15:03:30 [notice] 53460#59636: nginx/1.20.2
2022/04/30 15:03:30 [info] 53460#59636: OS: 260200 build:9200, "", suite:300, type:1
2022/04/30 15:03:30 [notice] 53460#59636: create thread 60180
2022/04/30 15:03:30 [notice] 53460#59636: create thread 56740
2022/04/30 15:03:30 [notice] 53460#59636: create thread 60164
2022/04/30 15:03:34 [notice] 52948#58180: worker process 55860 exited with code 1
2022/04/30 15:03:34 [notice] 52948#58180: start worker process 59000
2022/04/30 15:03:34 [notice] 59000#58200: nginx/1.20.2
2022/04/30 15:03:34 [info] 59000#58200: OS: 260200 build:9200, "", suite:300, type:1
2022/04/30 15:03:34 [notice] 59000#58200: create thread 56596
2022/04/30 15:03:34 [notice] 59000#58200: create thread 53980
2022/04/30 15:03:34 [notice] 59000#58200: create thread 56280
2022/04/30 15:03:38 [notice] 57496#56160: worker process 59596 exited with code 1
2022/04/30 15:03:38 [notice] 57496#56160: start worker process 59056
2022/04/30 15:03:38 [notice] 59056#59880: nginx/1.20.2
2022/04/30 15:03:38 [info] 59056#59880: OS: 260200 build:9200, "", suite:300, type:1
2022/04/30 15:03:38 [notice] 59056#59880: create thread 59888
2022/04/30 15:03:38 [notice] 59056#59880: create thread 59860
2022/04/30 15:03:38 [notice] 59056#59880: create thread 54884
2022/04/30 15:05:41 [notice] 59296#58536: using the "select" event method
2022/04/30 15:05:41 [notice] 59296#58536: nginx/1.20.2
2022/04/30 15:05:41 [info] 59296#58536: OS: 260200 build:9200, "", suite:300, type:1
2022/04/30 15:05:41 [notice] 59296#58536: start worker processes
2022/04/30 15:05:41 [notice] 59296#58536: start worker process 5480
2022/04/30 15:05:41 [notice] 5480#58696: nginx/1.20.2
2022/04/30 15:05:41 [info] 5480#58696: OS: 260200 build:9200, "", suite:300, type:1
2022/04/30 15:05:41 [notice] 5480#58696: create thread 4788
2022/04/30 15:05:41 [notice] 5480#58696: create thread 51096
2022/04/30 15:05:41 [notice] 5480#58696: create thread 59880
2022/04/30 15:06:51 [info] 5480#4788: *2 client timed out (10060: A connection attempt failed because the connected party did not properly respond after a period of time, or established connection failed because connected host has failed to respond) while waiting for request, client: 127.0.0.1, server: 0.0.0.0:80
2022/04/30 15:10:25 [notice] 59296#58536: worker process 5480 exited with code 1
2022/04/30 15:10:25 [notice] 59296#58536: start worker process 59452
2022/04/30 15:10:25 [notice] 59452#60012: nginx/1.20.2
2022/04/30 15:10:25 [info] 59452#60012: OS: 260200 build:9200, "", suite:300, type:1
2022/04/30 15:10:25 [notice] 59452#60012: create thread 33028
2022/04/30 15:10:25 [notice] 59452#60012: create thread 51876
2022/04/30 15:10:25 [notice] 59452#60012: create thread 51300
2022/04/30 15:12:11 [notice] 48364#56664: signal process started
2022/04/30 15:12:11 [error] 48364#56664: OpenEvent("Global\ngx_stop_59296") failed (2: The system cannot find the file specified)
2022/04/30 15:13:10 [notice] 59112#59712: signal process started
2022/04/30 15:13:10 [error] 59112#59712: OpenEvent("Global\ngx_reload_59296") failed (2: The system cannot find the file specified)
2022/04/30 15:16:54 [notice] 59084#46156: using the "select" event method
2022/04/30 15:16:54 [notice] 59084#46156: nginx/1.20.2
2022/04/30 15:16:54 [info] 59084#46156: OS: 260200 build:9200, "", suite:300, type:1
2022/04/30 15:16:54 [notice] 59084#46156: start worker processes
2022/04/30 15:16:54 [notice] 59084#46156: start worker process 59512
2022/04/30 15:16:54 [notice] 59512#58748: nginx/1.20.2
2022/04/30 15:16:54 [info] 59512#58748: OS: 260200 build:9200, "", suite:300, type:1
2022/04/30 15:16:54 [notice] 59512#58748: create thread 59108
2022/04/30 15:16:54 [notice] 59512#58748: create thread 12728
2022/04/30 15:16:54 [notice] 59512#58748: create thread 54640
2022/04/30 15:17:11 [notice] 59084#46156: worker process 59512 exited with code 1
2022/04/30 15:17:11 [notice] 59084#46156: start worker process 59784
2022/04/30 15:17:11 [notice] 59784#60204: nginx/1.20.2
2022/04/30 15:17:11 [info] 59784#60204: OS: 260200 build:9200, "", suite:300, type:1
2022/04/30 15:17:11 [notice] 59784#60204: create thread 60028
2022/04/30 15:17:11 [notice] 59784#60204: create thread 59008
2022/04/30 15:17:11 [notice] 59784#60204: create thread 35048
2022/04/30 15:19:43 [notice] 55840#51636: using the "select" event method
2022/04/30 15:19:43 [notice] 55840#51636: nginx/1.20.2
2022/04/30 15:19:43 [info] 55840#51636: OS: 260200 build:9200, "", suite:300, type:1
2022/04/30 15:19:43 [notice] 55840#51636: start worker processes
2022/04/30 15:19:43 [notice] 55840#51636: start worker process 40004
2022/04/30 15:19:43 [notice] 40004#57352: nginx/1.20.2
2022/04/30 15:19:43 [info] 40004#57352: OS: 260200 build:9200, "", suite:300, type:1
2022/04/30 15:19:43 [notice] 40004#57352: create thread 59532
2022/04/30 15:19:43 [notice] 40004#57352: create thread 1980
2022/04/30 15:19:43 [notice] 40004#57352: create thread 58324
2022/04/30 15:21:35 [info] 59784#60028: *2 client timed out (10060: A connection attempt failed because the connected party did not properly respond after a period of time, or established connection failed because connected host has failed to respond) while waiting for request, client: 127.0.0.1, server: 0.0.0.0:80
2022/04/30 15:22:50 [notice] 59084#46156: worker process 59784 exited with code 1
2022/04/30 15:22:50 [notice] 59084#46156: start worker process 41904
2022/04/30 15:22:50 [notice] 41904#55528: nginx/1.20.2
2022/04/30 15:22:50 [info] 41904#55528: OS: 260200 build:9200, "", suite:300, type:1
2022/04/30 15:22:50 [notice] 41904#55528: create thread 60068
2022/04/30 15:22:50 [notice] 41904#55528: create thread 52748
2022/04/30 15:22:50 [notice] 41904#55528: create thread 45520
2022/04/30 15:22:53 [notice] 55840#51636: worker process 40004 exited with code 1
2022/04/30 15:22:53 [notice] 55840#51636: start worker process 59208
2022/04/30 15:22:53 [notice] 59208#26832: nginx/1.20.2
2022/04/30 15:22:53 [info] 59208#26832: OS: 260200 build:9200, "", suite:300, type:1
2022/04/30 15:22:53 [notice] 59208#26832: create thread 60224
2022/04/30 15:22:53 [notice] 59208#26832: create thread 58300
2022/04/30 15:22:53 [notice] 59208#26832: create thread 56136
2022/04/30 15:23:08 [notice] 60216#57720: using the "select" event method
2022/04/30 15:23:08 [notice] 60216#57720: nginx/1.20.2
2022/04/30 15:23:08 [info] 60216#57720: OS: 260200 build:9200, "", suite:300, type:1
2022/04/30 15:23:08 [notice] 60216#57720: start worker processes
2022/04/30 15:23:08 [notice] 60216#57720: start worker process 56820
2022/04/30 15:23:08 [notice] 56820#43832: nginx/1.20.2
2022/04/30 15:23:08 [info] 56820#43832: OS: 260200 build:9200, "", suite:300, type:1
2022/04/30 15:23:08 [notice] 56820#43832: create thread 57452
2022/04/30 15:23:08 [notice] 56820#43832: create thread 43236
2022/04/30 15:23:08 [notice] 56820#43832: create thread 56840
2022/04/30 15:27:02 [notice] 59656#58856: using the "select" event method
2022/04/30 15:27:02 [notice] 59656#58856: nginx/1.20.2
2022/04/30 15:27:02 [info] 59656#58856: OS: 260200 build:9200, "", suite:300, type:1
2022/04/30 15:27:02 [notice] 59656#58856: start worker processes
2022/04/30 15:27:02 [notice] 59656#58856: start worker process 57660
2022/04/30 15:27:02 [notice] 57660#57436: nginx/1.20.2
2022/04/30 15:27:02 [info] 57660#57436: OS: 260200 build:9200, "", suite:300, type:1
2022/04/30 15:27:02 [notice] 57660#57436: create thread 59720
2022/04/30 15:27:02 [notice] 57660#57436: create thread 55752
2022/04/30 15:27:02 [notice] 57660#57436: create thread 59772
2022/04/30 15:27:17 [error] 57660#59720: *1 CreateFile() "C:\Users\Xiangtai\IdeaProjects\wxiang-srb\nginx-1.20.2/html/favicon.ico" failed (2: The system cannot find the file specified), client: 127.0.0.1, server: localhost, request: "GET /favicon.ico HTTP/1.1", host: "localhost"
2022/04/30 15:27:58 [info] 57660#59720: *2 client closed connection while waiting for request, client: 127.0.0.1, server: 0.0.0.0:80
2022/04/30 15:28:35 [info] 57660#59720: *4 client timed out (10060: A connection attempt failed because the connected party did not properly respond after a period of time, or established connection failed because connected host has failed to respond) while waiting for request, client: 127.0.0.1, server: 0.0.0.0:80
2022/04/30 15:29:44 [notice] 55840#51636: worker process 59208 exited with code 1
2022/04/30 15:29:44 [notice] 55840#51636: start worker process 58896
2022/04/30 15:29:44 [notice] 58896#60244: nginx/1.20.2
2022/04/30 15:29:44 [info] 58896#60244: OS: 260200 build:9200, "", suite:300, type:1
2022/04/30 15:29:44 [notice] 58896#60244: create thread 59996
2022/04/30 15:29:44 [notice] 58896#60244: create thread 59712
2022/04/30 15:29:44 [notice] 58896#60244: create thread 60204
2022/04/30 15:29:46 [notice] 60216#57720: worker process 56820 exited with code 1
2022/04/30 15:29:46 [notice] 60216#57720: start worker process 59544
2022/04/30 15:29:46 [notice] 59544#59696: nginx/1.20.2
2022/04/30 15:29:46 [info] 59544#59696: OS: 260200 build:9200, "", suite:300, type:1
2022/04/30 15:29:46 [notice] 59544#59696: create thread 58052
2022/04/30 15:29:46 [notice] 59544#59696: create thread 56596
2022/04/30 15:29:46 [notice] 59544#59696: create thread 45892
2022/04/30 15:29:48 [notice] 59656#58856: worker process 57660 exited with code 1
2022/04/30 15:29:48 [notice] 59656#58856: start worker process 59228
2022/04/30 15:29:48 [notice] 59228#60128: nginx/1.20.2
2022/04/30 15:29:48 [info] 59228#60128: OS: 260200 build:9200, "", suite:300, type:1
2022/04/30 15:29:48 [notice] 59228#60128: create thread 59192
2022/04/30 15:29:48 [notice] 59228#60128: create thread 57816
2022/04/30 15:29:48 [notice] 59228#60128: create thread 60324
2022/04/30 15:29:50 [notice] 59084#46156: worker process 41904 exited with code 1
2022/04/30 15:29:50 [notice] 59084#46156: start worker process 51288
2022/04/30 15:29:50 [notice] 51288#59664: nginx/1.20.2
2022/04/30 15:29:50 [info] 51288#59664: OS: 260200 build:9200, "", suite:300, type:1
2022/04/30 15:29:50 [notice] 51288#59664: create thread 59212
2022/04/30 15:29:50 [notice] 51288#59664: create thread 55348
2022/04/30 15:29:50 [notice] 51288#59664: create thread 59976
2022/04/30 15:29:52 [notice] 59656#58856: worker process 59228 exited with code 1
2022/04/30 15:29:52 [notice] 59656#58856: start worker process 54860
2022/04/30 15:29:53 [notice] 54860#59588: nginx/1.20.2
2022/04/30 15:29:53 [info] 54860#59588: OS: 260200 build:9200, "", suite:300, type:1
2022/04/30 15:29:53 [notice] 54860#59588: create thread 49920
2022/04/30 15:29:53 [notice] 54860#59588: create thread 59984
2022/04/30 15:29:53 [notice] 54860#59588: create thread 59736
2022/04/30 15:29:56 [notice] 59084#46156: worker process 51288 exited with code 1
2022/04/30 15:29:56 [notice] 59084#46156: start worker process 59672
2022/04/30 15:29:56 [notice] 59672#50928: nginx/1.20.2
2022/04/30 15:29:56 [info] 59672#50928: OS: 260200 build:9200, "", suite:300, type:1
2022/04/30 15:29:56 [notice] 59672#50928: create thread 59268
2022/04/30 15:29:56 [notice] 59672#50928: create thread 53040
2022/04/30 15:29:56 [notice] 59672#50928: create thread 45604
2022/04/30 15:29:59 [notice] 59084#46156: worker process 59672 exited with code 1
2022/04/30 15:29:59 [notice] 59084#46156: start worker process 59432
2022/04/30 15:29:59 [notice] 59432#48580: nginx/1.20.2
2022/04/30 15:29:59 [info] 59432#48580: OS: 260200 build:9200, "", suite:300, type:1
2022/04/30 15:29:59 [notice] 59432#48580: create thread 57800
2022/04/30 15:29:59 [notice] 59432#48580: create thread 59932
2022/04/30 15:29:59 [notice] 59432#48580: create thread 60336
2022/04/30 15:30:00 [notice] 59656#58856: worker process 54860 exited with code 1
2022/04/30 15:30:00 [notice] 59656#58856: start worker process 43236
2022/04/30 15:30:01 [notice] 43236#56840: nginx/1.20.2
2022/04/30 15:30:01 [info] 43236#56840: OS: 260200 build:9200, "", suite:300, type:1
2022/04/30 15:30:01 [notice] 43236#56840: create thread 57560
2022/04/30 15:30:01 [notice] 43236#56840: create thread 59872
2022/04/30 15:30:01 [notice] 43236#56840: create thread 57436
2022/04/30 15:30:02 [notice] 60216#57720: worker process 59544 exited with code 1
2022/04/30 15:30:02 [notice] 60216#57720: start worker process 59412
2022/04/30 15:30:02 [notice] 59412#55752: nginx/1.20.2
2022/04/30 15:30:02 [info] 59412#55752: OS: 260200 build:9200, "", suite:300, type:1
2022/04/30 15:30:02 [notice] 59412#55752: create thread 57880
2022/04/30 15:30:02 [notice] 59412#55752: create thread 60116
2022/04/30 15:30:02 [notice] 59412#55752: create thread 59592
2022/04/30 15:30:04 [notice] 60216#57720: worker process 59412 exited with code 1
2022/04/30 15:30:04 [notice] 60216#57720: start worker process 59644
2022/04/30 15:30:04 [notice] 59644#60248: nginx/1.20.2
2022/04/30 15:30:04 [info] 59644#60248: OS: 260200 build:9200, "", suite:300, type:1
2022/04/30 15:30:04 [notice] 59644#60248: create thread 45752
2022/04/30 15:30:04 [notice] 59644#60248: create thread 40600
2022/04/30 15:30:04 [notice] 59644#60248: create thread 59488
2022/04/30 15:30:06 [notice] 55840#51636: worker process 58896 exited with code 1
2022/04/30 15:30:06 [notice] 55840#51636: start worker process 3468
2022/04/30 15:30:06 [notice] 3468#59684: nginx/1.20.2
2022/04/30 15:30:06 [info] 3468#59684: OS: 260200 build:9200, "", suite:300, type:1
2022/04/30 15:30:06 [notice] 3468#59684: create thread 58476
2022/04/30 15:30:06 [notice] 3468#59684: create thread 59528
2022/04/30 15:30:06 [notice] 3468#59684: create thread 58820
2022/04/30 15:30:09 [notice] 60216#57720: worker process 59644 exited with code 1
2022/04/30 15:30:09 [notice] 60216#57720: start worker process 41764
2022/04/30 15:30:09 [notice] 41764#57676: nginx/1.20.2
2022/04/30 15:30:09 [info] 41764#57676: OS: 260200 build:9200, "", suite:300, type:1
2022/04/30 15:30:09 [notice] 41764#57676: create thread 58100
2022/04/30 15:30:09 [notice] 41764#57676: create thread 53928
2022/04/30 15:30:09 [notice] 41764#57676: create thread 41400
2022/04/30 15:30:10 [notice] 59656#58856: worker process 43236 exited with code 1
2022/04/30 15:30:10 [notice] 59656#58856: start worker process 47712
2022/04/30 15:30:11 [notice] 47712#59844: nginx/1.20.2
2022/04/30 15:30:11 [info] 47712#59844: OS: 260200 build:9200, "", suite:300, type:1
2022/04/30 15:30:11 [notice] 47712#59844: create thread 59736
2022/04/30 15:30:11 [notice] 47712#59844: create thread 49920
2022/04/30 15:30:11 [notice] 47712#59844: create thread 59440
2022/04/30 15:30:12 [notice] 60216#57720: worker process 41764 exited with code 1
2022/04/30 15:30:12 [notice] 60216#57720: start worker process 56920
2022/04/30 15:30:12 [notice] 56920#47188: nginx/1.20.2
2022/04/30 15:30:12 [info] 56920#47188: OS: 260200 build:9200, "", suite:300, type:1
2022/04/30 15:30:12 [notice] 56920#47188: create thread 45892
2022/04/30 15:30:12 [notice] 56920#47188: create thread 58052
2022/04/30 15:30:12 [notice] 56920#47188: create thread 57192
2022/04/30 15:30:15 [notice] 59656#58856: worker process 47712 exited with code 1
2022/04/30 15:30:15 [notice] 59656#58856: start worker process 55412
2022/04/30 15:30:15 [notice] 55412#60104: nginx/1.20.2
2022/04/30 15:30:15 [info] 55412#60104: OS: 260200 build:9200, "", suite:300, type:1
2022/04/30 15:30:15 [notice] 55412#60104: create thread 60088
2022/04/30 15:30:15 [notice] 55412#60104: create thread 46700
2022/04/30 15:30:15 [notice] 55412#60104: create thread 52284
2022/04/30 15:30:16 [notice] 59084#46156: worker process 59432 exited with code 1
2022/04/30 15:30:16 [notice] 59084#46156: start worker process 57864
2022/04/30 15:30:16 [notice] 57864#59412: nginx/1.20.2
2022/04/30 15:30:16 [info] 57864#59412: OS: 260200 build:9200, "", suite:300, type:1
2022/04/30 15:30:16 [notice] 57864#59412: create thread 57600
2022/04/30 15:30:16 [notice] 57864#59412: create thread 51880
2022/04/30 15:30:16 [notice] 57864#59412: create thread 42888
2022/04/30 15:30:18 [notice] 59656#58856: worker process 55412 exited with code 1
2022/04/30 15:30:18 [notice] 59656#58856: start worker process 57296
2022/04/30 15:30:18 [notice] 57296#58788: nginx/1.20.2
2022/04/30 15:30:18 [info] 57296#58788: OS: 260200 build:9200, "", suite:300, type:1
2022/04/30 15:30:18 [notice] 57296#58788: create thread 39588
2022/04/30 15:30:18 [notice] 57296#58788: create thread 57872
2022/04/30 15:30:18 [notice] 57296#58788: create thread 59408
2022/04/30 15:30:19 [notice] 55840#51636: worker process 3468 exited with code 1
2022/04/30 15:30:19 [notice] 55840#51636: start worker process 50328
2022/04/30 15:30:20 [notice] 50328#53984: nginx/1.20.2
2022/04/30 15:30:20 [info] 50328#53984: OS: 260200 build:9200, "", suite:300, type:1
2022/04/30 15:30:20 [notice] 50328#53984: create thread 59488
2022/04/30 15:30:20 [notice] 50328#53984: create thread 60140
2022/04/30 15:30:20 [notice] 50328#53984: create thread 45752
2022/04/30 15:30:21 [notice] 60216#57720: worker process 56920 exited with code 1
2022/04/30 15:30:21 [notice] 60216#57720: start worker process 57816
2022/04/30 15:30:21 [notice] 57816#60324: nginx/1.20.2
2022/04/30 15:30:21 [info] 57816#60324: OS: 260200 build:9200, "", suite:300, type:1
2022/04/30 15:30:21 [notice] 57816#60324: create thread 59872
2022/04/30 15:30:21 [notice] 57816#60324: create thread 57436
2022/04/30 15:30:21 [notice] 57816#60324: create thread 57560
2022/04/30 15:30:22 [notice] 55840#51636: worker process 50328 exited with code 1
2022/04/30 15:30:22 [notice] 55840#51636: start worker process 57780
2022/04/30 15:30:22 [notice] 57780#58840: nginx/1.20.2
2022/04/30 15:30:22 [info] 57780#58840: OS: 260200 build:9200, "", suite:300, type:1
2022/04/30 15:30:22 [notice] 57780#58840: create thread 59992
2022/04/30 15:30:22 [notice] 57780#58840: create thread 53780
2022/04/30 15:30:22 [notice] 57780#58840: create thread 57736
2022/04/30 15:30:24 [notice] 60216#57720: worker process 57816 exited with code 1
2022/04/30 15:30:24 [notice] 60216#57720: start worker process 58100
2022/04/30 15:30:24 [notice] 58100#57316: nginx/1.20.2
2022/04/30 15:30:24 [info] 58100#57316: OS: 260200 build:9200, "", suite:300, type:1
2022/04/30 15:30:24 [notice] 58100#57316: create thread 51336
2022/04/30 15:30:24 [notice] 58100#57316: create thread 58552
2022/04/30 15:30:24 [notice] 58100#57316: create thread 59696
2022/04/30 15:30:25 [notice] 59656#58856: worker process 57296 exited with code 1
2022/04/30 15:30:25 [notice] 59656#58856: start worker process 36904
2022/04/30 15:30:26 [notice] 36904#58228: nginx/1.20.2
2022/04/30 15:30:26 [info] 36904#58228: OS: 260200 build:9200, "", suite:300, type:1
2022/04/30 15:30:26 [notice] 36904#58228: create thread 52748
2022/04/30 15:30:26 [notice] 36904#58228: create thread 58056
2022/04/30 15:30:26 [notice] 36904#58228: create thread 59360
2022/04/30 15:30:27 [notice] 59656#58856: worker process 36904 exited with code 1
2022/04/30 15:30:27 [notice] 59656#58856: start worker process 57796
2022/04/30 15:30:27 [notice] 57796#59180: nginx/1.20.2
2022/04/30 15:30:27 [info] 57796#59180: OS: 260200 build:9200, "", suite:300, type:1
2022/04/30 15:30:27 [notice] 57796#59180: create thread 60336
2022/04/30 15:30:27 [notice] 57796#59180: create thread 57800
2022/04/30 15:30:27 [notice] 57796#59180: create thread 48580
2022/04/30 15:30:40 [notice] 59656#58856: worker process 57796 exited with code 1
2022/04/30 15:30:40 [notice] 59656#58856: start worker process 57580
2022/04/30 15:30:40 [notice] 57580#57872: nginx/1.20.2
2022/04/30 15:30:40 [info] 57580#57872: OS: 260200 build:9200, "", suite:300, type:1
2022/04/30 15:30:40 [notice] 57580#57872: create thread 58772
2022/04/30 15:30:40 [notice] 57580#57872: create thread 50904
2022/04/30 15:30:40 [notice] 57580#57872: create thread 59772
2022/04/30 15:31:36 [notice] 44760#54784: signal process started
2022/04/30 15:31:36 [notice] 59656#58856: exiting
2022/04/30 15:31:36 [notice] 57580#57872: gracefully shutting down
2022/04/30 15:31:36 [notice] 57580#50904: exiting
2022/04/30 15:31:36 [notice] 57580#58772: exiting
2022/04/30 15:31:36 [notice] 57580#57872: exit
2022/04/30 15:31:36 [notice] 59656#58856: worker process 57580 exited with code 0
2022/04/30 15:31:36 [notice] 59656#58856: exit
2022/04/30 15:32:31 [notice] 58052#59628: using the "select" event method
2022/04/30 15:32:31 [notice] 58052#59628: nginx/1.20.2
2022/04/30 15:32:31 [info] 58052#59628: OS: 260200 build:9200, "", suite:300, type:1
2022/04/30 15:32:31 [notice] 58052#59628: start worker processes
2022/04/30 15:32:31 [notice] 58052#59628: start worker process 57276
2022/04/30 15:32:31 [notice] 57276#49036: nginx/1.20.2
2022/04/30 15:32:31 [info] 57276#49036: OS: 260200 build:9200, "", suite:300, type:1
2022/04/30 15:32:31 [notice] 57276#49036: create thread 54608
2022/04/30 15:32:31 [notice] 57276#49036: create thread 58376
2022/04/30 15:32:31 [notice] 57276#49036: create thread 58532
2022/04/30 15:33:38 [info] 57276#54608: *2 client timed out (10060: A connection attempt failed because the connected party did not properly respond after a period of time, or established connection failed because connected host has failed to respond) while waiting for request, client: 127.0.0.1, server: 0.0.0.0:80
2022/04/30 15:38:18 [info] 57276#54608: *4 client closed connection while waiting for request, client: 127.0.0.1, server: 0.0.0.0:80
2022/04/30 15:38:18 [info] 57276#54608: *6 client closed connection while waiting for request, client: 127.0.0.1, server: 0.0.0.0:80
2022/04/30 15:39:42 [notice] 25952#58500: signal process started
2022/04/30 15:39:42 [notice] 58052#59628: exiting
2022/04/30 15:39:42 [notice] 57276#49036: gracefully shutting down
2022/04/30 15:39:42 [notice] 57276#58376: exiting
2022/04/30 15:39:47 [notice] 58052#59628: exit
2022/04/30 15:40:13 [notice] 55348#59544: using the "select" event method
2022/04/30 15:40:13 [notice] 55348#59544: nginx/1.20.2
2022/04/30 15:40:13 [info] 55348#59544: OS: 260200 build:9200, "", suite:300, type:1
2022/04/30 15:40:13 [notice] 55348#59544: start worker processes
2022/04/30 15:40:13 [notice] 55348#59544: start worker process 47812
2022/04/30 15:40:13 [notice] 47812#59468: nginx/1.20.2
2022/04/30 15:40:13 [info] 47812#59468: OS: 260200 build:9200, "", suite:300, type:1
2022/04/30 15:40:13 [notice] 47812#59468: create thread 57264
2022/04/30 15:40:13 [notice] 47812#59468: create thread 52964
2022/04/30 15:40:13 [notice] 47812#59468: create thread 55752
2022/04/30 15:41:00 [notice] 57880#59940: signal process started
2022/04/30 15:41:00 [notice] 55348#59544: exiting
2022/04/30 15:41:00 [notice] 47812#59468: gracefully shutting down
2022/04/30 15:41:00 [notice] 47812#52964: exiting
2022/04/30 15:41:05 [notice] 55348#59544: exit
2022/04/30 15:44:00 [emerg] 30772#49036: duplicate location "/core/" in C:\Users\Xiangtai\IdeaProjects\wxiang-srb\nginx-1.20.2/conf/nginx.conf:50
2022/04/30 15:45:18 [emerg] 59884#56056: "location" directive is not allowed here in C:\Users\Xiangtai\IdeaProjects\wxiang-srb\nginx-1.20.2/conf/nginx.conf:44
2022/04/30 15:46:14 [notice] 59844#60248: using the "select" event method
2022/04/30 15:46:14 [notice] 59844#60248: nginx/1.20.2
2022/04/30 15:46:14 [info] 59844#60248: OS: 260200 build:9200, "", suite:300, type:1
2022/04/30 15:46:14 [notice] 59844#60248: start worker processes
2022/04/30 15:46:14 [notice] 59844#60248: start worker process 44232
2022/04/30 15:46:14 [notice] 44232#59700: nginx/1.20.2
2022/04/30 15:46:14 [info] 44232#59700: OS: 260200 build:9200, "", suite:300, type:1
2022/04/30 15:46:14 [notice] 44232#59700: create thread 58860
2022/04/30 15:46:14 [notice] 44232#59700: create thread 57924
2022/04/30 15:46:14 [notice] 44232#59700: create thread 41928
2022/04/30 15:46:56 [info] 44232#58860: *1 client 127.0.0.1 closed keepalive connection
2022/04/30 15:47:56 [info] 44232#58860: *2 client timed out (10060: A connection attempt failed because the connected party did not properly respond after a period of time, or established connection failed because connected host has failed to respond) while waiting for request, client: 127.0.0.1, server: 0.0.0.0:80
2022/04/30 15:49:39 [notice] 22408#60048: using the "select" event method
2022/04/30 15:49:39 [notice] 22408#60048: nginx/1.20.2
2022/04/30 15:49:39 [info] 22408#60048: OS: 260200 build:9200, "", suite:300, type:1
2022/04/30 15:49:39 [notice] 22408#60048: start worker processes
2022/04/30 15:49:39 [notice] 22408#60048: start worker process 60040
2022/04/30 15:49:39 [notice] 60040#39788: nginx/1.20.2
2022/04/30 15:49:39 [info] 60040#39788: OS: 260200 build:9200, "", suite:300, type:1
2022/04/30 15:49:39 [notice] 60040#39788: create thread 48496
2022/04/30 15:49:39 [notice] 60040#39788: create thread 7336
2022/04/30 15:49:39 [notice] 60040#39788: create thread 60200
2022/04/30 15:49:45 [info] 60040#48496: *1 client 127.0.0.1 closed keepalive connection
2022/04/30 15:50:45 [info] 60040#48496: *2 client timed out (10060: A connection attempt failed because the connected party did not properly respond after a period of time, or established connection failed because connected host has failed to respond) while waiting for request, client: 127.0.0.1, server: 0.0.0.0:80
2022/04/30 15:58:18 [notice] 53104#60036: using the "select" event method
2022/04/30 15:58:18 [notice] 53104#60036: nginx/1.20.2
2022/04/30 15:58:18 [info] 53104#60036: OS: 260200 build:9200, "", suite:300, type:1
2022/04/30 15:58:18 [notice] 53104#60036: start worker processes
2022/04/30 15:58:18 [notice] 53104#60036: start worker process 60024
2022/04/30 15:58:18 [notice] 60024#39104: nginx/1.20.2
2022/04/30 15:58:18 [info] 60024#39104: OS: 260200 build:9200, "", suite:300, type:1
2022/04/30 15:58:18 [notice] 60024#39104: create thread 55944
2022/04/30 15:58:18 [notice] 60024#39104: create thread 58772
2022/04/30 15:58:18 [notice] 60024#39104: create thread 37020
2022/04/30 15:58:23 [info] 60024#55944: *1 client 127.0.0.1 closed keepalive connection
2022/04/30 15:59:26 [notice] 56296#43240: using the "select" event method
2022/04/30 15:59:26 [notice] 56296#43240: nginx/1.20.2
2022/04/30 15:59:26 [info] 56296#43240: OS: 260200 build:9200, "", suite:300, type:1
2022/04/30 15:59:26 [notice] 56296#43240: start worker processes
2022/04/30 15:59:26 [notice] 56296#43240: start worker process 59544
2022/04/30 15:59:26 [notice] 59544#56448: nginx/1.20.2
2022/04/30 15:59:26 [info] 59544#56448: OS: 260200 build:9200, "", suite:300, type:1
2022/04/30 15:59:26 [notice] 59544#56448: create thread 54976
2022/04/30 15:59:26 [notice] 59544#56448: create thread 57912
2022/04/30 15:59:26 [notice] 59544#56448: create thread 59016
2022/04/30 15:59:31 [info] 59544#54976: *1 client 127.0.0.1 closed keepalive connection
2022/04/30 15:59:35 [info] 59544#54976: *2 client 127.0.0.1 closed keepalive connection
2022/05/03 18:44:07 [error] 63696#72384: *42 connect() failed (10061: No connection could be made because the target machine actively refused it) while connecting to upstream, client: 127.0.0.1, server: srb, request: "GET /favicon.ico HTTP/1.1", upstream: "http://127.0.0.1:8110/favicon.ico", host: "localhost"
2022/05/21 20:06:47 [error] 52584#17536: *1 connect() failed (10061: No connection could be made because the target machine actively refused it) while connecting to upstream, client: 127.0.0.1, server: srb, request: "OPTIONS /admin/core/integralGrade/list HTTP/1.1", upstream: "http://127.0.0.1:8110/admin/core/integralGrade/list", host: "localhost", referrer: "http://localhost:9528/"
2022/05/25 20:28:46 [error] 76552#75076: *1 connect() failed (10061: No connection could be made because the target machine actively refused it) while connecting to upstream, client: 127.0.0.1, server: srb, request: "OPTIONS /admin/core/dict/listByParentId/1 HTTP/1.1", upstream: "http://127.0.0.1:8110/admin/core/dict/listByParentId/1", host: "localhost", referrer: "http://localhost:9528/"
2022/06/08 16:12:00 [notice] 31216#3940: signal process started
2022/06/08 16:12:09 [notice] 35540#23576: signal process started
2022/06/08 16:12:09 [error] 35540#23576: CreateFile() "C:\Users\Xiangtai\IdeaProjects\wxiang-srb\nginx-1.20.2/logs/nginx.pid" failed (2: The system cannot find the file specified)
2022/06/08 16:13:24 [notice] 12608#19324: signal process started
2022/06/08 16:13:24 [error] 12608#19324: CreateFile() "C:\Users\Xiangtai\IdeaProjects\wxiang-srb\nginx-1.20.2/logs/nginx.pid" failed (2: The system cannot find the file specified)
2022/06/13 16:24:23 [error] 59828#65196: *1 connect() failed (10061: No connection could be made because the target machine actively refused it) while connecting to upstream, client: 127.0.0.1, server: srb, request: "GET /api/sms/send/13766816630 HTTP/1.1", upstream: "http://127.0.0.1:8110/api/sms/send/13766816630", host: "localhost", referrer: "http://localhost:3000/"
2022/06/13 16:24:27 [error] 59828#65196: *1 connect() failed (10061: No connection could be made because the target machine actively refused it) while connecting to upstream, client: 127.0.0.1, server: srb, request: "GET /api/sms/send/13766816630 HTTP/1.1", upstream: "http://127.0.0.1:8110/api/sms/send/13766816630", host: "localhost", referrer: "http://localhost:3000/"
2022/06/13 16:24:30 [error] 59828#65196: *1 connect() failed (10061: No connection could be made because the target machine actively refused it) while connecting to upstream, client: 127.0.0.1, server: srb, request: "GET /api/sms/send/13766816630 HTTP/1.1", upstream: "http://127.0.0.1:8110/api/sms/send/13766816630", host: "localhost", referrer: "http://localhost:3000/"
2022/06/13 16:24:32 [error] 59828#65196: *1 connect() failed (10061: No connection could be made because the target machine actively refused it) while connecting to upstream, client: 127.0.0.1, server: srb, request: "GET /api/sms/send/13766816630 HTTP/1.1", upstream: "http://127.0.0.1:8110/api/sms/send/13766816630", host: "localhost", referrer: "http://localhost:3000/"
2022/06/13 16:24:34 [error] 59828#65196: *1 connect() failed (10061: No connection could be made because the target machine actively refused it) while connecting to upstream, client: 127.0.0.1, server: srb, request: "GET /api/sms/send/13766816630 HTTP/1.1", upstream: "http://127.0.0.1:8110/api/sms/send/13766816630", host: "localhost", referrer: "http://localhost:3000/"
2022/06/13 16:24:37 [error] 59828#65196: *1 connect() failed (10061: No connection could be made because the target machine actively refused it) while connecting to upstream, client: 127.0.0.1, server: srb, request: "GET /api/sms/send/13766816630 HTTP/1.1", upstream: "http://127.0.0.1:8110/api/sms/send/13766816630", host: "localhost", referrer: "http://localhost:3000/"
2022/06/13 16:24:39 [error] 59828#65196: *1 connect() failed (10061: No connection could be made because the target machine actively refused it) while connecting to upstream, client: 127.0.0.1, server: srb, request: "GET /api/sms/send/13766816630 HTTP/1.1", upstream: "http://127.0.0.1:8110/api/sms/send/13766816630", host: "localhost", referrer: "http://localhost:3000/"
2022/06/13 16:24:46 [error] 59828#65196: *1 connect() failed (10061: No connection could be made because the target machine actively refused it) while connecting to upstream, client: 127.0.0.1, server: srb, request: "GET /api/sms/send/13766816630 HTTP/1.1", upstream: "http://127.0.0.1:8110/api/sms/send/13766816630", host: "localhost", referrer: "http://localhost:3000/"
2022/06/13 16:24:48 [error] 59828#65196: *1 connect() failed (10061: No connection could be made because the target machine actively refused it) while connecting to upstream, client: 127.0.0.1, server: srb, request: "GET /api/sms/send/13766816630 HTTP/1.1", upstream: "http://127.0.0.1:8110/api/sms/send/13766816630", host: "localhost", referrer: "http://localhost:3000/"
2022/06/13 16:25:47 [error] 59828#65196: *1 connect() failed (10061: No connection could be made because the target machine actively refused it) while connecting to upstream, client: 127.0.0.1, server: srb, request: "GET /api/sms/send/13766816630 HTTP/1.1", upstream: "http://127.0.0.1:8110/api/sms/send/13766816630", host: "localhost", referrer: "http://localhost:3000/"
2022/06/13 16:25:52 [error] 59828#65196: *1 connect() failed (10061: No connection could be made because the target machine actively refused it) while connecting to upstream, client: 127.0.0.1, server: srb, request: "GET /api/sms/send/13766816630 HTTP/1.1", upstream: "http://127.0.0.1:8110/api/sms/send/13766816630", host: "localhost", referrer: "http://localhost:3000/"
2022/06/13 16:25:55 [error] 59828#65196: *1 connect() failed (10061: No connection could be made because the target machine actively refused it) while connecting to upstream, client: 127.0.0.1, server: srb, request: "GET /api/sms/send/13766816630 HTTP/1.1", upstream: "http://127.0.0.1:8110/api/sms/send/13766816630", host: "localhost", referrer: "http://localhost:3000/"
2022/06/13 16:25:57 [error] 59828#65196: *1 connect() failed (10061: No connection could be made because the target machine actively refused it) while connecting to upstream, client: 127.0.0.1, server: srb, request: "GET /api/sms/send/13766816630 HTTP/1.1", upstream: "http://127.0.0.1:8110/api/sms/send/13766816630", host: "localhost", referrer: "http://localhost:3000/"
2022/06/13 16:25:59 [error] 59828#65196: *1 connect() failed (10061: No connection could be made because the target machine actively refused it) while connecting to upstream, client: 127.0.0.1, server: srb, request: "GET /api/sms/send/13766816630 HTTP/1.1", upstream: "http://127.0.0.1:8110/api/sms/send/13766816630", host: "localhost", referrer: "http://localhost:3000/"
2022/06/13 16:26:17 [error] 59828#65196: *18 connect() failed (10061: No connection could be made because the target machine actively refused it) while connecting to upstream, client: 127.0.0.1, server: srb, request: "GET /api/sms/send/13766816630 HTTP/1.1", upstream: "http://127.0.0.1:8110/api/sms/send/13766816630", host: "localhost", referrer: "http://localhost:3000/"
2022/06/13 16:28:00 [error] 59828#65196: *21 connect() failed (10061: No connection could be made because the target machine actively refused it) while connecting to upstream, client: 127.0.0.1, server: srb, request: "GET /api/sms/send/13766816630 HTTP/1.1", upstream: "http://127.0.0.1:8110/api/sms/send/13766816630", host: "localhost", referrer: "http://localhost:3000/"
2022/06/13 16:39:20 [warn] 39600#47824: conflicting server name "srb" on 0.0.0.0:80, ignored
2022/06/13 16:39:20 [notice] 39600#47824: signal process started
2022/06/13 16:39:20 [warn] 68188#70108: conflicting server name "srb" on 0.0.0.0:80, ignored
2022/06/13 16:39:41 [warn] 68192#70608: conflicting server name "srb" on 0.0.0.0:80, ignored
2022/06/13 16:39:41 [warn] 68580#66536: conflicting server name "srb" on 0.0.0.0:80, ignored
2022/06/13 16:48:11 [warn] 69160#68640: conflicting server name "srb" on 0.0.0.0:80, ignored
2022/06/13 16:48:11 [notice] 69160#68640: signal process started
2022/06/13 16:48:11 [warn] 69936#64200: conflicting server name "srb" on 0.0.0.0:80, ignored
2022/06/13 16:48:18 [warn] 70120#69028: conflicting server name "srb" on 0.0.0.0:80, ignored
2022/06/13 16:48:18 [warn] 68500#25120: conflicting server name "srb" on 0.0.0.0:80, ignored
2022/06/13 16:52:39 [emerg] 67788#68984: invalid parameter "*" in C:\Users\Xiangtai\IdeaProjects\wxiang-srb\nginx-1.20.2/conf/nginx.conf:45
2022/06/13 16:54:26 [warn] 47636#67792: conflicting server name "srb" on 0.0.0.0:80, ignored
2022/06/13 16:54:26 [notice] 47636#67792: signal process started
2022/06/13 16:54:27 [warn] 66592#68776: conflicting server name "srb" on 0.0.0.0:80, ignored
2022/06/13 16:54:35 [warn] 44620#70564: conflicting server name "srb" on 0.0.0.0:80, ignored
2022/06/13 16:54:35 [warn] 55256#68992: conflicting server name "srb" on 0.0.0.0:80, ignored
2022/06/13 17:00:10 [warn] 64696#67756: conflicting server name "srb" on 0.0.0.0:80, ignored
2022/06/13 17:00:10 [notice] 64696#67756: signal process started
2022/06/13 17:00:11 [warn] 67840#69992: conflicting server name "srb" on 0.0.0.0:80, ignored
2022/06/13 17:00:13 [warn] 40884#52508: conflicting server name "srb" on 0.0.0.0:80, ignored
2022/06/13 17:00:13 [notice] 40884#52508: signal process started
2022/06/13 17:00:13 [warn] 64936#41352: conflicting server name "srb" on 0.0.0.0:80, ignored
2022/06/13 17:05:02 [warn] 56084#69516: conflicting server name "srb" on 0.0.0.0:80, ignored
2022/06/13 17:05:02 [notice] 56084#69516: signal process started
2022/06/13 17:05:02 [warn] 66812#69276: conflicting server name "srb" on 0.0.0.0:80, ignored
2022/06/13 17:05:23 [warn] 64520#49928: conflicting server name "srb" on 0.0.0.0:80, ignored
2022/06/13 17:05:23 [warn] 68940#65492: conflicting server name "srb" on 0.0.0.0:80, ignored
2022/06/13 17:06:08 [warn] 67200#67616: conflicting server name "srb" on 0.0.0.0:80, ignored
2022/06/13 17:06:08 [notice] 67200#67616: signal process started
2022/06/13 17:06:08 [warn] 65244#70500: conflicting server name "srb" on 0.0.0.0:80, ignored
2022/06/13 17:06:16 [warn] 47184#67124: conflicting server name "srb" on 0.0.0.0:80, ignored
2022/06/13 17:06:17 [warn] 25460#62556: conflicting server name "srb" on 0.0.0.0:80, ignored
2022/06/13 17:10:33 [warn] 53956#69108: conflicting server name "srb" on 0.0.0.0:80, ignored
2022/06/13 17:10:34 [warn] 58960#67856: conflicting server name "srb" on 0.0.0.0:80, ignored
2022/06/13 17:10:36 [warn] 68640#63656: conflicting server name "srb" on 0.0.0.0:80, ignored
2022/06/13 17:10:38 [warn] 69488#65132: conflicting server name "srb" on 0.0.0.0:80, ignored
2022/06/13 17:10:41 [warn] 48092#69156: conflicting server name "srb" on 0.0.0.0:80, ignored
2022/06/13 17:10:44 [warn] 64232#70112: conflicting server name "srb" on 0.0.0.0:80, ignored
2022/06/13 17:10:45 [warn] 65544#65956: conflicting server name "srb" on 0.0.0.0:80, ignored
2022/06/13 17:10:48 [warn] 69072#70176: conflicting server name "srb" on 0.0.0.0:80, ignored
2022/06/13 17:10:50 [warn] 45436#62912: conflicting server name "srb" on 0.0.0.0:80, ignored
2022/06/13 17:10:51 [warn] 70640#60460: conflicting server name "srb" on 0.0.0.0:80, ignored
2022/06/13 17:10:52 [warn] 70168#65808: conflicting server name "srb" on 0.0.0.0:80, ignored
2022/06/13 17:10:53 [warn] 63356#61648: conflicting server name "srb" on 0.0.0.0:80, ignored
2022/06/13 17:10:55 [warn] 63892#69212: conflicting server name "srb" on 0.0.0.0:80, ignored
2022/06/13 17:10:58 [warn] 70544#52268: conflicting server name "srb" on 0.0.0.0:80, ignored
2022/06/13 17:11:03 [warn] 69348#29804: conflicting server name "srb" on 0.0.0.0:80, ignored
2022/06/13 17:11:04 [warn] 67968#51620: conflicting server name "srb" on 0.0.0.0:80, ignored
2022/06/13 17:11:07 [warn] 68052#39940: conflicting server name "srb" on 0.0.0.0:80, ignored
2022/06/13 17:11:08 [warn] 70512#51204: conflicting server name "srb" on 0.0.0.0:80, ignored
2022/06/13 17:11:10 [warn] 60952#64200: conflicting server name "srb" on 0.0.0.0:80, ignored
2022/06/13 17:12:11 [warn] 59516#67024: conflicting server name "srb" on 0.0.0.0:80, ignored
2022/06/13 17:12:11 [notice] 59516#67024: signal process started
2022/06/13 17:12:18 [warn] 69544#68852: conflicting server name "srb" on 0.0.0.0:80, ignored
2022/06/13 17:12:18 [notice] 69544#68852: signal process started
2022/06/13 17:12:18 [error] 69544#68852: CreateFile() "C:\Users\Xiangtai\IdeaProjects\wxiang-srb\nginx-1.20.2/logs/nginx.pid" failed (2: The system cannot find the file specified)
2022/06/13 17:12:20 [warn] 60504#61588: conflicting server name "srb" on 0.0.0.0:80, ignored
2022/06/13 17:12:20 [notice] 60504#61588: signal process started
2022/06/13 17:12:20 [error] 60504#61588: CreateFile() "C:\Users\Xiangtai\IdeaProjects\wxiang-srb\nginx-1.20.2/logs/nginx.pid" failed (2: The system cannot find the file specified)
2022/06/13 17:13:04 [warn] 44440#64232: conflicting server name "srb" on 0.0.0.0:80, ignored
2022/06/13 17:13:04 [notice] 44440#64232: signal process started
2022/06/13 17:13:04 [error] 44440#64232: CreateFile() "C:\Users\Xiangtai\IdeaProjects\wxiang-srb\nginx-1.20.2/logs/nginx.pid" failed (2: The system cannot find the file specified)
2022/06/13 17:13:48 [warn] 37428#65556: conflicting server name "srb" on 0.0.0.0:80, ignored
2022/06/13 17:13:48 [warn] 62868#66372: conflicting server name "srb" on 0.0.0.0:80, ignored
2022/06/13 19:30:57 [warn] 68408#54424: conflicting server name "srb" on 0.0.0.0:80, ignored
2022/06/13 19:31:54 [warn] 68024#47432: conflicting server name "srb" on 0.0.0.0:80, ignored
2022/06/13 19:31:54 [warn] 60400#69056: conflicting server name "srb" on 0.0.0.0:80, ignored
2022/06/13 19:54:29 [warn] 70832#59860: conflicting server name "srb" on 0.0.0.0:80, ignored
2022/06/13 19:55:22 [warn] 71032#71880: conflicting server name "srb" on 0.0.0.0:80, ignored
2022/06/13 19:55:22 [warn] 52320#59348: conflicting server name "srb" on 0.0.0.0:80, ignored
2022/06/13 19:55:30 [error] 52320#65896: *1 CreateFile() "C:\Users\Xiangtai\IdeaProjects\wxiang-srb\nginx-1.20.2/html/api/sms/send/13766816630" failed (3: The system cannot find the path specified), client: 127.0.0.1, server: srb, request: "GET /api/sms/send/13766816630 HTTP/1.1", host: "localhost", referrer: "http://localhost:3000/"
2022/06/13 19:55:45 [error] 52320#65896: *2 CreateFile() "C:\Users\Xiangtai\IdeaProjects\wxiang-srb\nginx-1.20.2/html/api/sms/send/137668" failed (3: The system cannot find the path specified), client: 127.0.0.1, server: srb, request: "GET /api/sms/send/137668 HTTP/1.1", host: "localhost", referrer: "http://localhost:3000/"
2022/06/13 19:55:55 [error] 52320#65896: *4 CreateFile() "C:\Users\Xiangtai\IdeaProjects\wxiang-srb\nginx-1.20.2/html/admin/core/dict/listByParentId/1" failed (3: The system cannot find the path specified), client: 127.0.0.1, server: srb, request: "GET /admin/core/dict/listByParentId/1 HTTP/1.1", host: "localhost", referrer: "http://localhost:9528/"
2022/06/13 19:57:23 [warn] 71640#63184: conflicting server name "srb" on 0.0.0.0:80, ignored
2022/06/13 19:58:06 [warn] 70252#60664: conflicting server name "srb" on 0.0.0.0:80, ignored
2022/06/13 19:58:14 [warn] 72152#72344: conflicting server name "srb" on 0.0.0.0:80, ignored
2022/06/13 19:58:14 [warn] 72272#56616: conflicting server name "srb" on 0.0.0.0:80, ignored
2022/06/13 19:58:18 [error] 72272#72112: *1 CreateFile() "C:\Users\Xiangtai\IdeaProjects\wxiang-srb\nginx-1.20.2/html/admin/core/dict/listByParentId/1" failed (3: The system cannot find the path specified), client: 127.0.0.1, server: srb, request: "GET /admin/core/dict/listByParentId/1 HTTP/1.1", host: "localhost", referrer: "http://localhost:9528/"
2022/06/13 20:00:53 [warn] 70932#60320: conflicting server name "srb" on 0.0.0.0:80, ignored
2022/06/13 20:00:56 [warn] 71976#67816: conflicting server name "srb" on 0.0.0.0:80, ignored
2022/06/13 20:00:56 [warn] 47432#71688: conflicting server name "srb" on 0.0.0.0:80, ignored
2022/06/13 20:01:38 [warn] 70872#56672: conflicting server name "srb" on 0.0.0.0:80, ignored
2022/06/13 20:01:41 [warn] 18956#72632: conflicting server name "srb" on 0.0.0.0:80, ignored
2022/06/13 20:01:41 [warn] 59860#71796: conflicting server name "srb" on 0.0.0.0:80, ignored
2022/06/13 20:01:45 [error] 59860#49388: *1 CreateFile() "C:\Users\Xiangtai\IdeaProjects\wxiang-srb\nginx-1.20.2/html/admin/core/dict/listByParentId/1" failed (3: The system cannot find the path specified), client: 127.0.0.1, server: srb, request: "GET /admin/core/dict/listByParentId/1 HTTP/1.1", host: "localhost", referrer: "http://localhost:9528/"
2022/06/13 20:15:39 [warn] 66636#72428: conflicting server name "srb" on 0.0.0.0:80, ignored
2022/06/13 20:15:42 [warn] 72036#66352: conflicting server name "srb" on 0.0.0.0:80, ignored
2022/06/13 20:15:42 [warn] 56832#70944: conflicting server name "srb" on 0.0.0.0:80, ignored
2022/06/13 20:16:22 [warn] 69076#67432: conflicting server name "srb" on 0.0.0.0:80, ignored
2022/06/13 20:16:25 [warn] 67228#60716: conflicting server name "srb" on 0.0.0.0:80, ignored
2022/06/13 20:16:25 [warn] 71448#60572: conflicting server name "srb" on 0.0.0.0:80, ignored
2022/06/13 20:18:52 [warn] 72068#72520: conflicting server name "srb" on 0.0.0.0:80, ignored
2022/06/13 20:18:55 [warn] 69516#72232: conflicting server name "srb" on 0.0.0.0:80, ignored
2022/06/13 20:18:55 [warn] 55072#38460: conflicting server name "srb" on 0.0.0.0:80, ignored
2022/06/13 21:38:24 [emerg] 72876#62184: invalid URL prefix in C:\Users\Xiangtai\IdeaProjects\wxiang-srb\nginx-1.20.2/conf/nginx.conf:30
2022/06/13 21:39:42 [emerg] 47944#65628: duplicate location "/" in C:\Users\Xiangtai\IdeaProjects\wxiang-srb\nginx-1.20.2/conf/nginx.conf:40
2022/06/13 21:42:39 [emerg] 73476#74072: duplicate location "/sms/" in C:\Users\Xiangtai\IdeaProjects\wxiang-srb\nginx-1.20.2/conf/nginx.conf:40
2022/06/13 21:50:36 [error] 74012#57692: *1 connect() failed (10061: No connection could be made because the target machine actively refused it) while connecting to upstream, client: 127.0.0.1, server: srb, request: "GET /api/sms/send/13766816630 HTTP/1.1", upstream: "http://127.0.0.1:8110/api/sms/send/13766816630", host: "localhost", referrer: "http://localhost:3000/"
2022/06/13 21:51:27 [error] 67448#73352: *1 connect() failed (10061: No connection could be made because the target machine actively refused it) while connecting to upstream, client: 127.0.0.1, server: srb, request: "GET /api/sms/send/13766816630 HTTP/1.1", upstream: "http://127.0.0.1:8110/api/sms/send/13766816630", host: "localhost", referrer: "http://localhost:3000/"
2022/06/14 14:45:17 [error] 49256#71496: *1 connect() failed (10061: No connection could be made because the target machine actively refused it) while connecting to upstream, client: 127.0.0.1, server: localhost, request: "GET /api/sms/send/111 HTTP/1.1", upstream: "http://127.0.0.1:8120/api/sms/send/111", host: "localhost", referrer: "http://localhost:3000/"
2022/06/14 14:54:58 [error] 49256#71496: *4 connect() failed (10061: No connection could be made because the target machine actively refused it) while connecting to upstream, client: 127.0.0.1, server: localhost, request: "GET /api/sms/send/13766816630 HTTP/1.1", upstream: "http://127.0.0.1:8120/api/sms/send/13766816630", host: "localhost", referrer: "http://localhost:3000/"
2022/06/14 14:55:00 [error] 49256#71496: *6 connect() failed (10061: No connection could be made because the target machine actively refused it) while connecting to upstream, client: 127.0.0.1, server: localhost, request: "GET /api/sms/send/13766816630 HTTP/1.1", upstream: "http://127.0.0.1:8120/api/sms/send/13766816630", host: "localhost", referrer: "http://localhost:3000/"
2022/06/14 14:55:05 [error] 49256#71496: *8 connect() failed (10061: No connection could be made because the target machine actively refused it) while connecting to upstream, client: 127.0.0.1, server: localhost, request: "GET /api/sms/send/13766816630 HTTP/1.1", upstream: "http://127.0.0.1:8120/api/sms/send/13766816630", host: "localhost", referrer: "http://localhost:3000/"
2022/06/14 14:55:07 [error] 49256#71496: *10 connect() failed (10061: No connection could be made because the target machine actively refused it) while connecting to upstream, client: 127.0.0.1, server: localhost, request: "GET /api/sms/send/13766816630 HTTP/1.1", upstream: "http://127.0.0.1:8120/api/sms/send/13766816630", host: "localhost", referrer: "http://localhost:3000/"
2022/06/14 14:55:10 [error] 49256#71496: *12 connect() failed (10061: No connection could be made because the target machine actively refused it) while connecting to upstream, client: 127.0.0.1, server: localhost, request: "GET /api/sms/send/13766816630 HTTP/1.1", upstream: "http://127.0.0.1:8120/api/sms/send/13766816630", host: "localhost", referrer: "http://localhost:3000/"
2022/06/14 14:55:12 [error] 49256#71496: *14 connect() failed (10061: No connection could be made because the target machine actively refused it) while connecting to upstream, client: 127.0.0.1, server: localhost, request: "GET /api/sms/send/13766816630 HTTP/1.1", upstream: "http://127.0.0.1:8120/api/sms/send/13766816630", host: "localhost", referrer: "http://localhost:3000/"
2022/06/14 14:55:14 [error] 49256#71496: *16 connect() failed (10061: No connection could be made because the target machine actively refused it) while connecting to upstream, client: 127.0.0.1, server: localhost, request: "GET /api/sms/send/13766816630 HTTP/1.1", upstream: "http://127.0.0.1:8120/api/sms/send/13766816630", host: "localhost", referrer: "http://localhost:3000/"
2022/06/14 14:55:16 [error] 49256#71496: *18 connect() failed (10061: No connection could be made because the target machine actively refused it) while connecting to upstream, client: 127.0.0.1, server: localhost, request: "GET /api/sms/send/13766816630 HTTP/1.1", upstream: "http://127.0.0.1:8120/api/sms/send/13766816630", host: "localhost", referrer: "http://localhost:3000/"
2022/06/14 14:55:47 [error] 49256#71496: *20 connect() failed (10061: No connection could be made because the target machine actively refused it) while connecting to upstream, client: 127.0.0.1, server: localhost, request: "GET /api/sms/send/13766816630 HTTP/1.1", upstream: "http://127.0.0.1:8120/api/sms/send/13766816630", host: "localhost", referrer: "http://localhost:3000/"
2022/06/14 14:55:49 [error] 49256#71496: *22 connect() failed (10061: No connection could be made because the target machine actively refused it) while connecting to upstream, client: 127.0.0.1, server: localhost, request: "GET /api/sms/send/13766816630 HTTP/1.1", upstream: "http://127.0.0.1:8120/api/sms/send/13766816630", host: "localhost", referrer: "http://localhost:3000/"
2022/06/14 14:55:52 [error] 49256#71496: *24 connect() failed (10061: No connection could be made because the target machine actively refused it) while connecting to upstream, client: 127.0.0.1, server: localhost, request: "GET /api/sms/send/13766816630 HTTP/1.1", upstream: "http://127.0.0.1:8120/api/sms/send/13766816630", host: "localhost", referrer: "http://localhost:3000/"
2022/06/14 14:55:54 [error] 49256#71496: *26 connect() failed (10061: No connection could be made because the target machine actively refused it) while connecting to upstream, client: 127.0.0.1, server: localhost, request: "GET /api/sms/send/13766816630 HTTP/1.1", upstream: "http://127.0.0.1:8120/api/sms/send/13766816630", host: "localhost", referrer: "http://localhost:3000/"
2022/06/14 14:55:56 [error] 49256#71496: *28 connect() failed (10061: No connection could be made because the target machine actively refused it) while connecting to upstream, client: 127.0.0.1, server: localhost, request: "GET /api/sms/send/13766816630 HTTP/1.1", upstream: "http://127.0.0.1:8120/api/sms/send/13766816630", host: "localhost", referrer: "http://localhost:3000/"
2022/06/14 14:55:58 [error] 49256#71496: *30 connect() failed (10061: No connection could be made because the target machine actively refused it) while connecting to upstream, client: 127.0.0.1, server: localhost, request: "GET /api/sms/send/13766816630 HTTP/1.1", upstream: "http://127.0.0.1:8120/api/sms/send/13766816630", host: "localhost", referrer: "http://localhost:3000/"
2022/06/14 14:56:00 [error] 49256#71496: *32 connect() failed (10061: No connection could be made because the target machine actively refused it) while connecting to upstream, client: 127.0.0.1, server: localhost, request: "GET /api/sms/send/13766816630 HTTP/1.1", upstream: "http://127.0.0.1:8120/api/sms/send/13766816630", host: "localhost", referrer: "http://localhost:3000/"
2022/06/14 14:56:02 [error] 49256#71496: *34 connect() failed (10061: No connection could be made because the target machine actively refused it) while connecting to upstream, client: 127.0.0.1, server: localhost, request: "GET /api/sms/send/13766816630 HTTP/1.1", upstream: "http://127.0.0.1:8120/api/sms/send/13766816630", host: "localhost", referrer: "http://localhost:3000/"
2022/06/14 14:56:05 [error] 49256#71496: *36 connect() failed (10061: No connection could be made because the target machine actively refused it) while connecting to upstream, client: 127.0.0.1, server: localhost, request: "GET /api/sms/send/13766816630 HTTP/1.1", upstream: "http://127.0.0.1:8120/api/sms/send/13766816630", host: "localhost", referrer: "http://localhost:3000/"
2022/06/14 14:56:07 [error] 49256#71496: *38 connect() failed (10061: No connection could be made because the target machine actively refused it) while connecting to upstream, client: 127.0.0.1, server: localhost, request: "GET /api/sms/send/13766816630 HTTP/1.1", upstream: "http://127.0.0.1:8120/api/sms/send/13766816630", host: "localhost", referrer: "http://localhost:3000/"
2022/06/14 14:56:09 [error] 49256#71496: *40 connect() failed (10061: No connection could be made because the target machine actively refused it) while connecting to upstream, client: 127.0.0.1, server: localhost, request: "GET /api/sms/send/13766816630 HTTP/1.1", upstream: "http://127.0.0.1:8120/api/sms/send/13766816630", host: "localhost", referrer: "http://localhost:3000/"
2022/06/14 14:56:11 [error] 49256#71496: *42 connect() failed (10061: No connection could be made because the target machine actively refused it) while connecting to upstream, client: 127.0.0.1, server: localhost, request: "GET /api/sms/send/13766816630 HTTP/1.1", upstream: "http://127.0.0.1:8120/api/sms/send/13766816630", host: "localhost", referrer: "http://localhost:3000/"
2022/06/14 14:56:14 [error] 49256#71496: *44 connect() failed (10061: No connection could be made because the target machine actively refused it) while connecting to upstream, client: 127.0.0.1, server: localhost, request: "GET /api/sms/send/13766816630 HTTP/1.1", upstream: "http://127.0.0.1:8120/api/sms/send/13766816630", host: "localhost", referrer: "http://localhost:3000/"
2022/06/14 14:56:16 [error] 49256#71496: *46 connect() failed (10061: No connection could be made because the target machine actively refused it) while connecting to upstream, client: 127.0.0.1, server: localhost, request: "GET /api/sms/send/13766816630 HTTP/1.1", upstream: "http://127.0.0.1:8120/api/sms/send/13766816630", host: "localhost", referrer: "http://localhost:3000/"
2022/06/14 14:56:18 [error] 49256#71496: *48 connect() failed (10061: No connection could be made because the target machine actively refused it) while connecting to upstream, client: 127.0.0.1, server: localhost, request: "GET /api/sms/send/13766816630 HTTP/1.1", upstream: "http://127.0.0.1:8120/api/sms/send/13766816630", host: "localhost", referrer: "http://localhost:3000/"
2022/06/14 14:56:20 [error] 49256#71496: *50 connect() failed (10061: No connection could be made because the target machine actively refused it) while connecting to upstream, client: 127.0.0.1, server: localhost, request: "GET /api/sms/send/13766816630 HTTP/1.1", upstream: "http://127.0.0.1:8120/api/sms/send/13766816630", host: "localhost", referrer: "http://localhost:3000/"
2022/06/17 20:19:57 [error] 13940#13288: *35 connect() failed (10061: No connection could be made because the target machine actively refused it) while connecting to upstream, client: 127.0.0.1, server: localhost, request: "GET /api/sms/send/17870970369 HTTP/1.1", upstream: "http://[::1]:8120/api/sms/send/17870970369", host: "localhost", referrer: "http://localhost:3000/"
2022/06/17 20:19:59 [error] 13940#13288: *35 connect() failed (10061: No connection could be made because the target machine actively refused it) while connecting to upstream, client: 127.0.0.1, server: localhost, request: "GET /api/sms/send/17870970369 HTTP/1.1", upstream: "http://127.0.0.1:8120/api/sms/send/17870970369", host: "localhost", referrer: "http://localhost:3000/"
2022/06/18 15:07:08 [error] 12128#18136: *1 connect() failed (10061: No connection could be made because the target machine actively refused it) while connecting to upstream, client: 127.0.0.1, server: localhost, request: "OPTIONS /admin/core/userInfo/list/1/10 HTTP/1.1", upstream: "http://[::1]:8110/admin/core/userInfo/list/1/10", host: "localhost", referrer: "http://localhost:9528/"
2022/06/18 15:07:10 [error] 12128#18136: *1 connect() failed (10061: No connection could be made because the target machine actively refused it) while connecting to upstream, client: 127.0.0.1, server: localhost, request: "OPTIONS /admin/core/userInfo/list/1/10 HTTP/1.1", upstream: "http://127.0.0.1:8110/admin/core/userInfo/list/1/10", host: "localhost", referrer: "http://localhost:9528/"
2022/06/18 15:07:23 [error] 12128#18136: *1 connect() failed (10061: No connection could be made because the target machine actively refused it) while connecting to upstream, client: 127.0.0.1, server: localhost, request: "OPTIONS /admin/core/integralGrade/list HTTP/1.1", upstream: "http://127.0.0.1:8110/admin/core/integralGrade/list", host: "localhost", referrer: "http://localhost:9528/"
2022/06/18 15:07:25 [error] 12128#18136: *1 connect() failed (10061: No connection could be made because the target machine actively refused it) while connecting to upstream, client: 127.0.0.1, server: localhost, request: "OPTIONS /admin/core/integralGrade/list HTTP/1.1", upstream: "http://[::1]:8110/admin/core/integralGrade/list", host: "localhost", referrer: "http://localhost:9528/"
